#
# There is insufficient memory for the Java Runtime Environment to continue.
# Native memory allocation (mmap) failed to map 138412032 bytes for committing reserved memory.
# Possible reasons:
#   The system is out of physical RAM or swap space
#   In 32 bit mode, the process size limit was hit
# Possible solutions:
#   Reduce memory load on the system
#   Increase physical memory or swap space
#   Check if swap backing store is full
#   Use 64 bit Java on a 64 bit OS
#   Decrease Java heap size (-Xmx/-Xms)
#   Decrease number of Java threads
#   Decrease Java thread stack sizes (-Xss)
#   Set larger code cache with -XX:ReservedCodeCacheSize=
# This output file may be truncated or incomplete.
#
#  Out of Memory Error (os_linux.cpp:2627), pid=5707, tid=0x00007f3b3cbb9700
#
# JRE version: Java(TM) SE Runtime Environment (8.0_101-b13) (build 1.8.0_101-b13)
# Java VM: Java HotSpot(TM) 64-Bit Server VM (25.101-b13 mixed mode linux-amd64 compressed oops)
# Failed to write core dump. Core dumps have been disabled. To enable core dumping, try "ulimit -c unlimited" before starting Java again
#

---------------  T H R E A D  ---------------

Current thread (0x00007f3b4c073800):  VMThread [stack: 0x00007f3b3cab9000,0x00007f3b3cbba000] [id=5714]

Stack: [0x00007f3b3cab9000,0x00007f3b3cbba000],  sp=0x00007f3b3cbb8320,  free space=1020k
Native frames: (J=compiled Java code, j=interpreted, Vv=VM code, C=native code)
V  [libjvm.so+0xac3f0a]  VMError::report_and_die()+0x2ba
V  [libjvm.so+0x4fbf9b]  report_vm_out_of_memory(char const*, int, unsigned long, VMErrorType, char const*)+0x8b
V  [libjvm.so+0x9222d3]  os::Linux::commit_memory_impl(char*, unsigned long, bool)+0x103
V  [libjvm.so+0x922829]  os::pd_commit_memory(char*, unsigned long, unsigned long, bool)+0x29
V  [libjvm.so+0x91cb2a]  os::commit_memory(char*, unsigned long, unsigned long, bool)+0x2a
V  [libjvm.so+0x991053]  PSVirtualSpace::expand_by(unsigned long)+0x53
V  [libjvm.so+0x981920]  PSOldGen::expand(unsigned long)+0x170
V  [libjvm.so+0x981b2b]  PSOldGen::resize(unsigned long)+0x1cb
V  [libjvm.so+0x989821]  PSParallelCompact::invoke_no_policy(bool)+0x991
V  [libjvm.so+0x98f17d]  PSScavenge::invoke()+0x1ad
V  [libjvm.so+0x945fc0]  ParallelScavengeHeap::failed_mem_allocate(unsigned long)+0x70
V  [libjvm.so+0xac5927]  VM_ParallelGCFailedAllocation::doit()+0x97
V  [libjvm.so+0xacd405]  VM_Operation::evaluate()+0x55
V  [libjvm.so+0xacb7da]  VMThread::evaluate_operation(VM_Operation*)+0xba
V  [libjvm.so+0xacbb5e]  VMThread::loop()+0x1ce
V  [libjvm.so+0xacbfd0]  VMThread::run()+0x70
V  [libjvm.so+0x924698]  java_start(Thread*)+0x108

VM_Operation (0x00007f3afb9fced0): ParallelGCFailedAllocation, mode: safepoint, requested by thread 0x00007f3b0121f000


---------------  P R O C E S S  ---------------

Java Threads: ( => current thread )
  0x00007f3b0c078800 JavaThread "pool-3-thread-1" [_thread_blocked, id=5775, stack(0x00007f3b361fb000,0x00007f3b362fc000)]
  0x00007f3b0c067800 JavaThread "pool-4-thread-4" [_thread_blocked, id=5757, stack(0x00007f3afac94000,0x00007f3afad95000)]
  0x00007f3b0c065800 JavaThread "pool-4-thread-3" [_thread_blocked, id=5756, stack(0x00007f3afad95000,0x00007f3afae96000)]
  0x00007f3b0c063800 JavaThread "pool-4-thread-2" [_thread_blocked, id=5755, stack(0x00007f3afae96000,0x00007f3afaf97000)]
  0x00007f3b0c061800 JavaThread "pool-5-thread-1" [_thread_blocked, id=5754, stack(0x00007f3afaf97000,0x00007f3afb098000)]
  0x00007f3b0c05d000 JavaThread "pool-4-thread-1" [_thread_blocked, id=5753, stack(0x00007f3afb098000,0x00007f3afb199000)]
  0x00007f3b0121f000 JavaThread "pool-2-thread-1" [_thread_blocked, id=5751, stack(0x00007f3afb8ff000,0x00007f3afba00000)]
  0x00007f3b0078c800 JavaThread "File lock request listener" [_thread_in_native, id=5738, stack(0x00007f3b35447000,0x00007f3b35548000)]
  0x00007f3b00013800 JavaThread "Asynchronous log dispatcher for org.gradle.launcher.daemon.server.DefaultDaemonConnection@3808dd68" [_thread_blocked, id=5733, stack(0x00007f3b362fc000,0x00007f3b363fd000)]
  0x00007f3afc012000 JavaThread "Daemon worker" [_thread_blocked, id=5730, stack(0x00007f3b363fd000,0x00007f3b364fe000)]
  0x00007f3afc00b000 JavaThread "Cancel handler" [_thread_blocked, id=5729, stack(0x00007f3b364fe000,0x00007f3b365ff000)]
  0x00007f3afc005800 JavaThread "Handler for socket connection from /127.0.0.1:39700 to /127.0.0.1:53724" [_thread_in_native, id=5728, stack(0x00007f3b365ff000,0x00007f3b36700000)]
  0x00007f3b0803c000 JavaThread "Daemon" [_thread_blocked, id=5727, stack(0x00007f3b36700000,0x00007f3b36801000)]
  0x00007f3b4caf6800 JavaThread "Incoming local TCP Connector on port 39700" [_thread_in_native, id=5725, stack(0x00007f3b36a08000,0x00007f3b36b09000)]
  0x00007f3b4cad0000 JavaThread "pool-1-thread-1" [_thread_blocked, id=5724, stack(0x00007f3b36b09000,0x00007f3b36c0a000)]
  0x00007f3b4c0c4000 JavaThread "Service Thread" daemon [_thread_blocked, id=5720, stack(0x00007f3b3c1db000,0x00007f3b3c2dc000)]
  0x00007f3b4c0b7000 JavaThread "C1 CompilerThread1" daemon [_thread_blocked, id=5719, stack(0x00007f3b3c2dc000,0x00007f3b3c3dd000)]
  0x00007f3b4c0b4000 JavaThread "C2 CompilerThread0" daemon [_thread_blocked, id=5718, stack(0x00007f3b3c3dd000,0x00007f3b3c4de000)]
  0x00007f3b4c0b2800 JavaThread "Signal Dispatcher" daemon [_thread_blocked, id=5717, stack(0x00007f3b3c4de000,0x00007f3b3c5df000)]
  0x00007f3b4c080000 JavaThread "Finalizer" daemon [_thread_blocked, id=5716, stack(0x00007f3b3c8b7000,0x00007f3b3c9b8000)]
  0x00007f3b4c07b000 JavaThread "Reference Handler" daemon [_thread_blocked, id=5715, stack(0x00007f3b3c9b8000,0x00007f3b3cab9000)]
  0x00007f3b4c00a000 JavaThread "main" [_thread_blocked, id=5711, stack(0x00007f3b54ea0000,0x00007f3b54fa1000)]

Other Threads:
=>0x00007f3b4c073800 VMThread [stack: 0x00007f3b3cab9000,0x00007f3b3cbba000] [id=5714]
  0x00007f3b4c0c6800 WatcherThread [stack: 0x00007f3b3c0da000,0x00007f3b3c1db000] [id=5721]

VM state:at safepoint (normal execution)

VM Mutex/Monitor currently owned by a thread:  ([mutex/lock_event])
[0x00007f3b4c005b40] ExpandHeap_lock - owner thread: 0x00007f3b4c073800
[0x00007f3b4c0061c0] Threads_lock - owner thread: 0x00007f3b4c073800
[0x00007f3b4c0066c0] Heap_lock - owner thread: 0x00007f3b0121f000

Heap:
 PSYoungGen      total 507392K, used 0K [0x00000000d5580000, 0x00000000fee00000, 0x0000000100000000)
  eden space 356864K, 0% used [0x00000000d5580000,0x00000000d5580000,0x00000000eb200000)
  from space 150528K, 0% used [0x00000000f5b00000,0x00000000f5b00000,0x00000000fee00000)
  to   space 161792K, 0% used [0x00000000eb200000,0x00000000eb200000,0x00000000f5000000)
 ParOldGen       total 942080K, used 895966K [0x0000000080000000, 0x00000000b9800000, 0x00000000d5580000)
  object space 942080K, 95% used [0x0000000080000000,0x00000000b6af7a08,0x00000000b9800000)
 Metaspace       used 61204K, capacity 62216K, committed 62464K, reserved 1103872K
  class space    used 7604K, capacity 7922K, committed 7936K, reserved 1048576K

Card table byte_map: [0x00007f3b51850000,0x00007f3b51c51000] byte_map_base: 0x00007f3b51450000

Marking Bits: (ParMarkBitMap*) 0x00007f3b54379120
 Begin Bits: [0x00007f3b31000000, 0x00007f3b33000000)
 End Bits:   [0x00007f3b33000000, 0x00007f3b35000000)

Polling page: 0x00007f3b54fc8000

CodeCache: size=245760Kb used=34843Kb max_used=36257Kb free=210916Kb
 bounds [0x00007f3b3d000000, 0x00007f3b3f3a0000, 0x00007f3b4c000000]
 total_blobs=10639 nmethods=9896 adapters=653
 compilation: enabled

Compilation events (10 events):
Event: 164.504 Thread 0x00007f3b4c0b7000 12396  s    2       com.android.dx.dex.file.TypeIdsSection::intern (62 bytes)
Event: 164.505 Thread 0x00007f3b4c0b7000 nmethod 12396 0x00007f3b3eda4b10 code [0x00007f3b3eda4ce0, 0x00007f3b3eda5308]
Event: 164.687 Thread 0x00007f3b4c0b7000 12398 %     3       com.android.dx.cf.code.Ropper::removeBlockAndSpecialSuccessors @ 51 (127 bytes)
Event: 164.688 Thread 0x00007f3b4c0b7000 nmethod 12398% 0x00007f3b3eda7bd0 code [0x00007f3b3eda7ea0, 0x00007f3b3eda9418]
Event: 164.763 Thread 0x00007f3b4c0b4000 nmethod 12388 0x00007f3b3ecad110 code [0x00007f3b3ecad480, 0x00007f3b3ecaf7a8]
Event: 164.763 Thread 0x00007f3b4c0b4000 12397       4       com.android.dx.dex.code.StdCatchBuilder::hasAnyCatches (57 bytes)
Event: 164.779 Thread 0x00007f3b4c0b4000 nmethod 12397 0x00007f3b3ec124d0 code [0x00007f3b3ec12660, 0x00007f3b3ec12938]
Event: 164.779 Thread 0x00007f3b4c0b4000 12379       4       com.android.dx.ssa.SsaMethod::deleteInsns (239 bytes)
Event: 164.812 Thread 0x00007f3b4c0b4000 nmethod 12379 0x00007f3b3e54c550 code [0x00007f3b3e54c7e0, 0x00007f3b3e54d9a0]
Event: 164.813 Thread 0x00007f3b4c0b4000 12400       4       com.android.dx.dex.file.CodeItem::addContents (174 bytes)

GC Heap History (10 events):
Event: 153.481 GC heap after
Heap after GC invocations=49 (full 10):
 PSYoungGen      total 511488K, used 50879K [0x00000000d5580000, 0x0000000100000000, 0x0000000100000000)
  eden space 324096K, 0% used [0x00000000d5580000,0x00000000d5580000,0x00000000e9200000)
  from space 187392K, 27% used [0x00000000e9200000,0x00000000ec3afff8,0x00000000f4900000)
  to   space 181248K, 0% used [0x00000000f4f00000,0x00000000f4f00000,0x0000000100000000)
 ParOldGen       total 882688K, used 803705K [0x0000000080000000, 0x00000000b5e00000, 0x00000000d5580000)
  object space 882688K, 91% used [0x0000000080000000,0x00000000b10de610,0x00000000b5e00000)
 Metaspace       used 61146K, capacity 62216K, committed 62464K, reserved 1103872K
  class space    used 7602K, capacity 7922K, committed 7936K, reserved 1048576K
}
Event: 153.481 GC heap before
{Heap before GC invocations=50 (full 11):
 PSYoungGen      total 511488K, used 50879K [0x00000000d5580000, 0x0000000100000000, 0x0000000100000000)
  eden space 324096K, 0% used [0x00000000d5580000,0x00000000d5580000,0x00000000e9200000)
  from space 187392K, 27% used [0x00000000e9200000,0x00000000ec3afff8,0x00000000f4900000)
  to   space 181248K, 0% used [0x00000000f4f00000,0x00000000f4f00000,0x0000000100000000)
 ParOldGen       total 882688K, used 803705K [0x0000000080000000, 0x00000000b5e00000, 0x00000000d5580000)
  object space 882688K, 91% used [0x0000000080000000,0x00000000b10de610,0x00000000b5e00000)
 Metaspace       used 61146K, capacity 62216K, committed 62464K, reserved 1103872K
  class space    used 7602K, capacity 7922K, committed 7936K, reserved 1048576K
Event: 156.442 GC heap after
Heap after GC invocations=50 (full 11):
 PSYoungGen      total 511488K, used 0K [0x00000000d5580000, 0x0000000100000000, 0x0000000100000000)
  eden space 324096K, 0% used [0x00000000d5580000,0x00000000d5580000,0x00000000e9200000)
  from space 187392K, 0% used [0x00000000e9200000,0x00000000e9200000,0x00000000f4900000)
  to   space 181248K, 0% used [0x00000000f4f00000,0x00000000f4f00000,0x0000000100000000)
 ParOldGen       total 942080K, used 765396K [0x0000000080000000, 0x00000000b9800000, 0x00000000d5580000)
  object space 942080K, 81% used [0x0000000080000000,0x00000000aeb753e0,0x00000000b9800000)
 Metaspace       used 61146K, capacity 62216K, committed 62464K, reserved 1103872K
  class space    used 7602K, capacity 7922K, committed 7936K, reserved 1048576K
}
Event: 159.276 GC heap before
{Heap before GC invocations=51 (full 11):
 PSYoungGen      total 511488K, used 324096K [0x00000000d5580000, 0x0000000100000000, 0x0000000100000000)
  eden space 324096K, 100% used [0x00000000d5580000,0x00000000e9200000,0x00000000e9200000)
  from space 187392K, 0% used [0x00000000e9200000,0x00000000e9200000,0x00000000f4900000)
  to   space 181248K, 0% used [0x00000000f4f00000,0x00000000f4f00000,0x0000000100000000)
 ParOldGen       total 942080K, used 765396K [0x0000000080000000, 0x00000000b9800000, 0x00000000d5580000)
  object space 942080K, 81% used [0x0000000080000000,0x00000000aeb753e0,0x00000000b9800000)
 Metaspace       used 61148K, capacity 62216K, committed 62464K, reserved 1103872K
  class space    used 7602K, capacity 7922K, committed 7936K, reserved 1048576K
Event: 159.388 GC heap after
Heap after GC invocations=51 (full 11):
 PSYoungGen      total 492032K, used 49348K [0x00000000d5580000, 0x00000000fed00000, 0x0000000100000000)
  eden space 330240K, 0% used [0x00000000d5580000,0x00000000d5580000,0x00000000e9800000)
  from space 161792K, 30% used [0x00000000f4f00000,0x00000000f7f31070,0x00000000fed00000)
  to   space 174592K, 0% used [0x00000000e9800000,0x00000000e9800000,0x00000000f4280000)
 ParOldGen       total 942080K, used 765396K [0x0000000080000000, 0x00000000b9800000, 0x00000000d5580000)
  object space 942080K, 81% used [0x0000000080000000,0x00000000aeb753e0,0x00000000b9800000)
 Metaspace       used 61148K, capacity 62216K, committed 62464K, reserved 1103872K
  class space    used 7602K, capacity 7922K, committed 7936K, reserved 1048576K
}
Event: 161.142 GC heap before
{Heap before GC invocations=52 (full 11):
 PSYoungGen      total 492032K, used 379588K [0x00000000d5580000, 0x00000000fed00000, 0x0000000100000000)
  eden space 330240K, 100% used [0x00000000d5580000,0x00000000e9800000,0x00000000e9800000)
  from space 161792K, 30% used [0x00000000f4f00000,0x00000000f7f31070,0x00000000fed00000)
  to   space 174592K, 0% used [0x00000000e9800000,0x00000000e9800000,0x00000000f4280000)
 ParOldGen       total 942080K, used 765396K [0x0000000080000000, 0x00000000b9800000, 0x00000000d5580000)
  object space 942080K, 81% used [0x0000000080000000,0x00000000aeb753e0,0x00000000b9800000)
 Metaspace       used 61185K, capacity 62216K, committed 62464K, reserved 1103872K
  class space    used 7603K, capacity 7922K, committed 7936K, reserved 1048576K
Event: 162.883 GC heap after
Heap after GC invocations=52 (full 11):
 PSYoungGen      total 504832K, used 56031K [0x00000000d5580000, 0x00000000ffe80000, 0x0000000100000000)
  eden space 330240K, 0% used [0x00000000d5580000,0x00000000d5580000,0x00000000e9800000)
  from space 174592K, 32% used [0x00000000e9800000,0x00000000eceb7d00,0x00000000f4280000)
  to   space 167424K, 0% used [0x00000000f5b00000,0x00000000f5b00000,0x00000000ffe80000)
 ParOldGen       total 942080K, used 812213K [0x0000000080000000, 0x00000000b9800000, 0x00000000d5580000)
  object space 942080K, 86% used [0x0000000080000000,0x00000000b192d698,0x00000000b9800000)
 Metaspace       used 61185K, capacity 62216K, committed 62464K, reserved 1103872K
  class space    used 7603K, capacity 7922K, committed 7936K, reserved 1048576K
}
Event: 164.993 GC heap before
{Heap before GC invocations=53 (full 11):
 PSYoungGen      total 504832K, used 386271K [0x00000000d5580000, 0x00000000ffe80000, 0x0000000100000000)
  eden space 330240K, 100% used [0x00000000d5580000,0x00000000e9800000,0x00000000e9800000)
  from space 174592K, 32% used [0x00000000e9800000,0x00000000eceb7d00,0x00000000f4280000)
  to   space 167424K, 0% used [0x00000000f5b00000,0x00000000f5b00000,0x00000000ffe80000)
 ParOldGen       total 942080K, used 812213K [0x0000000080000000, 0x00000000b9800000, 0x00000000d5580000)
  object space 942080K, 86% used [0x0000000080000000,0x00000000b192d698,0x00000000b9800000)
 Metaspace       used 61204K, capacity 62216K, committed 62464K, reserved 1103872K
  class space    used 7604K, capacity 7922K, committed 7936K, reserved 1048576K
Event: 166.970 GC heap after
Heap after GC invocations=53 (full 11):
 PSYoungGen      total 507392K, used 45898K [0x00000000d5580000, 0x00000000fee00000, 0x0000000100000000)
  eden space 356864K, 0% used [0x00000000d5580000,0x00000000d5580000,0x00000000eb200000)
  from space 150528K, 30% used [0x00000000f5b00000,0x00000000f87d2bf0,0x00000000fee00000)
  to   space 161792K, 0% used [0x00000000eb200000,0x00000000eb200000,0x00000000f5000000)
 ParOldGen       total 942080K, used 865495K [0x0000000080000000, 0x00000000b9800000, 0x00000000d5580000)
  object space 942080K, 91% used [0x0000000080000000,0x00000000b4d35de0,0x00000000b9800000)
 Metaspace       used 61204K, capacity 62216K, committed 62464K, reserved 1103872K
  class space    used 7604K, capacity 7922K, committed 7936K, reserved 1048576K
}
Event: 166.970 GC heap before
{Heap before GC invocations=54 (full 12):
 PSYoungGen      total 507392K, used 45898K [0x00000000d5580000, 0x00000000fee00000, 0x0000000100000000)
  eden space 356864K, 0% used [0x00000000d5580000,0x00000000d5580000,0x00000000eb200000)
  from space 150528K, 30% used [0x00000000f5b00000,0x00000000f87d2bf0,0x00000000fee00000)
  to   space 161792K, 0% used [0x00000000eb200000,0x00000000eb200000,0x00000000f5000000)
 ParOldGen       total 942080K, used 865495K [0x0000000080000000, 0x00000000b9800000, 0x00000000d5580000)
  object space 942080K, 91% used [0x0000000080000000,0x00000000b4d35de0,0x00000000b9800000)
 Metaspace       used 61204K, capacity 62216K, committed 62464K, reserved 1103872K
  class space    used 7604K, capacity 7922K, committed 7936K, reserved 1048576K

Deoptimization events (10 events):
Event: 157.820 Thread 0x00007f3b0c05d000 Uncommon trap: reason=unstable_if action=reinterpret pc=0x00007f3b3f29ca40 method=com.android.dx.dex.code.RopTranslator.outputBlock(Lcom/android/dx/rop/code/BasicBlock;I)V @ 140
Event: 158.070 Thread 0x00007f3b0c067800 Uncommon trap: reason=unstable_if action=reinterpret pc=0x00007f3b3f2ad060 method=com.android.dx.ssa.back.IdenticalBlockCombiner.replaceSucc(Lcom/android/dx/rop/code/BasicBlock;II)V @ 30
Event: 158.510 Thread 0x00007f3b0c065800 Uncommon trap: reason=unstable_if action=reinterpret pc=0x00007f3b3e2f262c method=java.util.concurrent.ConcurrentHashMap.putVal(Ljava/lang/Object;Ljava/lang/Object;Z)Ljava/lang/Object; @ 98
Event: 159.718 Thread 0x00007f3b0121f000 Uncommon trap: reason=unstable_if action=reinterpret pc=0x00007f3b3f25f2bc method=java.util.concurrent.ConcurrentHashMap.get(Ljava/lang/Object;)Ljava/lang/Object; @ 152
Event: 159.718 Thread 0x00007f3b0121f000 Uncommon trap: reason=unstable_if action=reinterpret pc=0x00007f3b3ec7097c method=java.util.concurrent.ConcurrentHashMap.get(Ljava/lang/Object;)Ljava/lang/Object; @ 152
Event: 160.364 Thread 0x00007f3b0c067800 Uncommon trap: reason=null_check action=make_not_entrant pc=0x00007f3b3ea73048 method=com.android.dx.dex.file.StringIdsSection.intern(Lcom/android/dx/dex/file/StringIdItem;)Lcom/android/dx/dex/file/StringIdItem; @ 31
Event: 160.815 Thread 0x00007f3b0c067800 Uncommon trap: reason=unstable_if action=reinterpret pc=0x00007f3b3ea70e64 method=com.android.dx.cf.code.Merger.isPossiblyAssignableFrom(Lcom/android/dx/rop/type/TypeBearer;Lcom/android/dx/rop/type/TypeBearer;)Z @ 131
Event: 160.815 Thread 0x00007f3b0c05d000 Uncommon trap: reason=unstable_if action=reinterpret pc=0x00007f3b3f3787c8 method=com.android.dx.ssa.InterferenceRegisterMapper.interferes(III)Z @ 55
Event: 160.815 Thread 0x00007f3b0c05d000 Uncommon trap: reason=unstable_if action=reinterpret pc=0x00007f3b3ef7a2a8 method=com.android.dx.ssa.InterferenceRegisterMapper.interferes(III)Z @ 55
Event: 160.897 Thread 0x00007f3b0c05d000 Uncommon trap: reason=unstable_if action=reinterpret pc=0x00007f3b3f046b78 method=com.android.dx.ssa.InterferenceRegisterMapper.interferes(III)Z @ 55

Internal exceptions (10 events):
Event: 54.169 Thread 0x00007f3afc012000 Exception <a 'java/lang/ArrayIndexOutOfBoundsException'> (0x00000000dd090230) thrown at [/HUDSON3/workspace/8-2-build-linux-amd64/jdk8u101/7261/hotspot/src/share/vm/runtime/sharedRuntime.cpp, line 605]
Event: 54.189 Thread 0x00007f3afc012000 Exception <a 'java/lang/ArrayIndexOutOfBoundsException'> (0x00000000dd1218f8) thrown at [/HUDSON3/workspace/8-2-build-linux-amd64/jdk8u101/7261/hotspot/src/share/vm/runtime/sharedRuntime.cpp, line 605]
Event: 54.190 Thread 0x00007f3afc012000 Exception <a 'java/lang/ArrayIndexOutOfBoundsException'> (0x00000000dd1289b8) thrown at [/HUDSON3/workspace/8-2-build-linux-amd64/jdk8u101/7261/hotspot/src/share/vm/runtime/sharedRuntime.cpp, line 605]
Event: 54.252 Thread 0x00007f3afc012000 Exception <a 'java/lang/ArrayIndexOutOfBoundsException'> (0x00000000dd37e238) thrown at [/HUDSON3/workspace/8-2-build-linux-amd64/jdk8u101/7261/hotspot/src/share/vm/runtime/sharedRuntime.cpp, line 605]
Event: 54.253 Thread 0x00007f3afc012000 Exception <a 'java/lang/ArrayIndexOutOfBoundsException'> (0x00000000dd3904a8) thrown at [/HUDSON3/workspace/8-2-build-linux-amd64/jdk8u101/7261/hotspot/src/share/vm/runtime/sharedRuntime.cpp, line 605]
Event: 54.262 Thread 0x00007f3afc012000 Exception <a 'java/lang/ArrayIndexOutOfBoundsException'> (0x00000000dd3d0340) thrown at [/HUDSON3/workspace/8-2-build-linux-amd64/jdk8u101/7261/hotspot/src/share/vm/runtime/sharedRuntime.cpp, line 605]
Event: 54.264 Thread 0x00007f3afc012000 Exception <a 'java/lang/ArrayIndexOutOfBoundsException'> (0x00000000dd3d4f28) thrown at [/HUDSON3/workspace/8-2-build-linux-amd64/jdk8u101/7261/hotspot/src/share/vm/runtime/sharedRuntime.cpp, line 605]
Event: 54.265 Thread 0x00007f3afc012000 Exception <a 'java/lang/ArrayIndexOutOfBoundsException'> (0x00000000dd3d6340) thrown at [/HUDSON3/workspace/8-2-build-linux-amd64/jdk8u101/7261/hotspot/src/share/vm/runtime/sharedRuntime.cpp, line 605]
Event: 70.490 Thread 0x00007f3b0c05d000 Implicit null exception at 0x00007f3b3e10e465 to 0x00007f3b3e10eefd
Event: 160.364 Thread 0x00007f3b0c067800 Implicit null exception at 0x00007f3b3ea726bc to 0x00007f3b3ea73009

Events (10 events):
Event: 164.656 Thread 0x00007f3b0c063800 DEOPT UNPACKING pc=0x00007f3b3d047633 sp=0x00007f3afaf94da0 mode 0
Event: 164.671 Thread 0x00007f3b0c067800 DEOPT PACKING pc=0x00007f3b3f306a7d sp=0x00007f3afad92f00
Event: 164.671 Thread 0x00007f3b0c067800 DEOPT UNPACKING pc=0x00007f3b3d047633 sp=0x00007f3afad92d00 mode 0
Event: 164.775 Thread 0x00007f3b0c065800 DEOPT PACKING pc=0x00007f3b3dc6eef0 sp=0x00007f3afae93f30
Event: 164.775 Thread 0x00007f3b0c065800 DEOPT UNPACKING pc=0x00007f3b3d047633 sp=0x00007f3afae93ce0 mode 0
Event: 164.871 Thread 0x00007f3b0c05d000 DEOPT PACKING pc=0x00007f3b3ef6310f sp=0x00007f3afb196e50
Event: 164.871 Thread 0x00007f3b0c05d000 DEOPT UNPACKING pc=0x00007f3b3d047633 sp=0x00007f3afb196ca0 mode 0
Event: 164.875 Thread 0x00007f3b0c063800 DEOPT PACKING pc=0x00007f3b3dc7bf73 sp=0x00007f3afaf94b60
Event: 164.875 Thread 0x00007f3b0c063800 DEOPT UNPACKING pc=0x00007f3b3d047633 sp=0x00007f3afaf949a0 mode 0
Event: 164.987 Executing VM operation: ParallelGCFailedAllocation


Dynamic libraries:
00400000-00401000 r-xp 00000000 08:01 1324050                            /opt/java/jdk1.8.0_101/bin/java
00600000-00601000 rw-p 00000000 08:01 1324050                            /opt/java/jdk1.8.0_101/bin/java
00875000-00896000 rw-p 00000000 00:00 0                                  [heap]
80000000-b9800000 rw-p 00000000 00:00 0 
c1c00000-d5580000 ---p 00000000 00:00 0 
d5580000-fee00000 rw-p 00000000 00:00 0 
fee00000-100000000 ---p 00000000 00:00 0 
100000000-1007c0000 rw-p 00000000 00:00 0 
1007c0000-140000000 ---p 00000000 00:00 0 
7f3afaa94000-7f3afabd4000 rw-p 00000000 00:00 0 
7f3afabd4000-7f3afac94000 ---p 00000000 00:00 0 
7f3afac94000-7f3afac97000 ---p 00000000 00:00 0 
7f3afac97000-7f3afad95000 rw-p 00000000 00:00 0 
7f3afad95000-7f3afad98000 ---p 00000000 00:00 0 
7f3afad98000-7f3afae96000 rw-p 00000000 00:00 0 
7f3afae96000-7f3afae99000 ---p 00000000 00:00 0 
7f3afae99000-7f3afaf97000 rw-p 00000000 00:00 0 
7f3afaf97000-7f3afaf9a000 ---p 00000000 00:00 0 
7f3afaf9a000-7f3afb098000 rw-p 00000000 00:00 0 
7f3afb098000-7f3afb09b000 ---p 00000000 00:00 0 
7f3afb09b000-7f3afb199000 rw-p 00000000 00:00 0 
7f3afb199000-7f3afb29a000 r--s 00a34000 08:01 539517                     /home/voloide/AndroidStudioProjects/VehicleTracking/app/build/intermediates/transforms/jarMerging/release/jars/1/1f/combined.jar
7f3afb29a000-7f3afb49a000 rw-p 00000000 00:00 0 
7f3afb49a000-7f3afb69a000 rw-p 00000000 00:00 0 
7f3afb69a000-7f3afb89a000 rw-p 00000000 00:00 0 
7f3afb8ff000-7f3afb902000 ---p 00000000 00:00 0 
7f3afb902000-7f3afbc00000 rw-p 00000000 00:00 0 
7f3afbc00000-7f3afbe00000 rw-p 00000000 00:00 0 
7f3afbe00000-7f3afc000000 rw-p 00000000 00:00 0 
7f3afc000000-7f3afc021000 rw-p 00000000 00:00 0 
7f3afc021000-7f3b00000000 ---p 00000000 00:00 0 
7f3b00000000-7f3b013f4000 rw-p 00000000 00:00 0 
7f3b013f4000-7f3b04000000 ---p 00000000 00:00 0 
7f3b04000000-7f3b04021000 rw-p 00000000 00:00 0 
7f3b04021000-7f3b08000000 ---p 00000000 00:00 0 
7f3b08000000-7f3b08071000 rw-p 00000000 00:00 0 
7f3b08071000-7f3b0c000000 ---p 00000000 00:00 0 
7f3b0c000000-7f3b0c252000 rw-p 00000000 00:00 0 
7f3b0c252000-7f3b10000000 ---p 00000000 00:00 0 
7f3b10000000-7f3b10021000 rw-p 00000000 00:00 0 
7f3b10021000-7f3b14000000 ---p 00000000 00:00 0 
7f3b14000000-7f3b16c9b000 rw-p 00000000 00:00 0 
7f3b16c9b000-7f3b18000000 ---p 00000000 00:00 0 
7f3b18000000-7f3b18fcd000 rw-p 00000000 00:00 0 
7f3b18fcd000-7f3b1c000000 ---p 00000000 00:00 0 
7f3b1c000000-7f3b1c035000 rw-p 00000000 00:00 0 
7f3b1c035000-7f3b20000000 ---p 00000000 00:00 0 
7f3b20000000-7f3b2003a000 rw-p 00000000 00:00 0 
7f3b2003a000-7f3b24000000 ---p 00000000 00:00 0 
7f3b24000000-7f3b24422000 rw-p 00000000 00:00 0 
7f3b24422000-7f3b28000000 ---p 00000000 00:00 0 
7f3b28000000-7f3b28030000 rw-p 00000000 00:00 0 
7f3b28030000-7f3b2c000000 ---p 00000000 00:00 0 
7f3b2c000000-7f3b2c376000 rw-p 00000000 00:00 0 
7f3b2c376000-7f3b30000000 ---p 00000000 00:00 0 
7f3b30000000-7f3b30200000 rw-p 00000000 00:00 0 
7f3b30200000-7f3b30400000 rw-p 00000000 00:00 0 
7f3b30400000-7f3b30600000 rw-p 00000000 00:00 0 
7f3b30600000-7f3b30800000 rw-p 00000000 00:00 0 
7f3b30800000-7f3b30a00000 rw-p 00000000 00:00 0 
7f3b30a00000-7f3b30c00000 rw-p 00000000 00:00 0 
7f3b30c00000-7f3b30e00000 rw-p 00000000 00:00 0 
7f3b30e00000-7f3b31000000 rw-p 00000000 00:00 0 
7f3b31000000-7f3b35000000 rw-p 00000000 00:00 0 
7f3b350d9000-7f3b350ec000 r--s 00345000 08:01 1324155                    /opt/java/jdk1.8.0_101/jre/lib/resources.jar
7f3b350ec000-7f3b350ee000 r--s 00005000 08:01 1455190                    /usr/softwares/android-studio/gradle/m2repository/org/abego/treelayout/org.abego.treelayout.core/1.0.1/org.abego.treelayout.core-1.0.1.jar
7f3b350ee000-7f3b350f6000 r--s 000a8000 08:01 1585317                    /usr/softwares/android-studio/gradle/m2repository/com/android/tools/external/lombok/lombok-ast/0.2.3/lombok-ast-0.2.3.jar
7f3b350f6000-7f3b350f8000 r--s 0000d000 08:01 1585393                    /usr/softwares/android-studio/gradle/m2repository/commons-codec/commons-codec/1.4/commons-codec-1.4.jar
7f3b350f8000-7f3b350fa000 r--s 0000d000 08:01 1195478                    /usr/softwares/android-studio/gradle/m2repository/commons-logging/commons-logging/1.1.1/commons-logging-1.1.1.jar
7f3b350fa000-7f3b350ff000 r--s 00028000 08:01 1323386                    /usr/softwares/android-studio/gradle/m2repository/org/apache/httpcomponents/httpcore/4.1/httpcore-4.1.jar
7f3b350ff000-7f3b35100000 r--s 00004000 08:01 1455213                    /usr/softwares/android-studio/gradle/m2repository/com/intellij/annotations/12.0/annotations-12.0.jar
7f3b35100000-7f3b35104000 r--s 00037000 08:01 1323323                    /usr/softwares/android-studio/gradle/m2repository/org/antlr/ST4/4.0.8/ST4-4.0.8.jar
7f3b35104000-7f3b35107000 r--s 00026000 08:01 1323337                    /usr/softwares/android-studio/gradle/m2repository/org/antlr/antlr-runtime/3.5.2/antlr-runtime-3.5.2.jar
7f3b35107000-7f3b35108000 r--s 00002000 08:01 1455201                    /usr/softwares/android-studio/gradle/m2repository/com/tunnelvisionlabs/antlr4-annotations/4.5/antlr4-annotations-4.5.jar
7f3b35108000-7f3b3510f000 r--s 00062000 08:01 1455196                    /usr/softwares/android-studio/gradle/m2repository/com/tunnelvisionlabs/antlr4-runtime/4.5/antlr4-runtime-4.5.jar
7f3b3510f000-7f3b35110000 r--s 00004000 08:01 1323251                    /usr/softwares/android-studio/gradle/m2repository/org/ow2/asm/asm-analysis/5.0.3/asm-analysis-5.0.3.jar
7f3b35110000-7f3b35113000 r--s 00030000 08:01 1585345                    /usr/softwares/android-studio/gradle/m2repository/com/android/tools/lint/lint-api/25.1.3/lint-api-25.1.3.jar
7f3b35113000-7f3b35114000 r--s 0000a000 08:01 1195496                    /usr/softwares/android-studio/gradle/m2repository/net/sf/kxml/kxml2/2.3.0/kxml2-2.3.0.jar
7f3b35114000-7f3b35116000 r--s 00005000 08:01 1323377                    /usr/softwares/android-studio/gradle/m2repository/org/apache/httpcomponents/httpmime/4.1/httpmime-4.1.jar
7f3b35116000-7f3b3511e000 r--s 0004e000 08:01 1323397                    /usr/softwares/android-studio/gradle/m2repository/org/apache/httpcomponents/httpclient/4.1.1/httpclient-4.1.1.jar
7f3b3511e000-7f3b35125000 r--s 00053000 08:01 1323409                    /usr/softwares/android-studio/gradle/m2repository/org/apache/commons/commons-compress/1.8.1/commons-compress-1.8.1.jar
7f3b35125000-7f3b3512a000 r--s 0002a000 08:01 1455246                    /usr/softwares/android-studio/gradle/m2repository/com/google/code/gson/gson/2.2.4/gson-2.2.4.jar
7f3b3512a000-7f3b3512e000 r--s 00026000 08:01 1585323                    /usr/softwares/android-studio/gradle/m2repository/com/android/tools/repository/25.1.3/repository-25.1.3.jar
7f3b3512e000-7f3b3512f000 r--s 00005000 08:01 1455380                    /usr/softwares/android-studio/gradle/m2repository/com/android/tools/dvlib/25.1.3/dvlib-25.1.3.jar
7f3b3512f000-7f3b35132000 r--s 00014000 08:01 1455347                    /usr/softwares/android-studio/gradle/m2repository/com/android/tools/layoutlib/layoutlib-api/25.1.3/layoutlib-api-25.1.3.jar
7f3b35132000-7f3b35137000 r--s 00058000 08:01 1323228                    /usr/softwares/android-studio/gradle/m2repository/org/ow2/asm/asm-debug-all/5.0.4/asm-debug-all-5.0.4.jar
7f3b35137000-7f3b35147000 r--s 000d6000 08:01 1323425                    /usr/softwares/android-studio/gradle/m2repository/net/sf/proguard/proguard-base/5.2.1/proguard-base-5.2.1.jar
7f3b35147000-7f3b3514a000 r--s 00033000 08:01 1455220                    /usr/softwares/android-studio/gradle/m2repository/com/googlecode/juniversalchardet/juniversalchardet/1.0.3/juniversalchardet-1.0.3.jar
7f3b3514a000-7f3b3514e000 r--s 0002a000 08:01 1195471                    /usr/softwares/android-studio/gradle/m2repository/commons-io/commons-io/2.4/commons-io-2.4.jar
7f3b3514e000-7f3b35158000 r--s 00099000 08:01 1455206                    /usr/softwares/android-studio/gradle/m2repository/com/tunnelvisionlabs/antlr4/4.5/antlr4-4.5.jar
7f3b35158000-7f3b35159000 r--s 00002000 08:01 1455253                    /usr/softwares/android-studio/gradle/m2repository/com/android/databinding/baseLibrary/2.1.3/baseLibrary-2.1.3.jar
7f3b35159000-7f3b35184000 r--s 001f9000 08:01 1455238                    /usr/softwares/android-studio/gradle/m2repository/com/google/guava/guava/17.0/guava-17.0.jar
7f3b35184000-7f3b35185000 r--s 00001000 08:01 1455274                    /usr/softwares/android-studio/gradle/m2repository/com/android/tools/annotations/25.1.3/annotations-25.1.3.jar
7f3b35185000-7f3b35197000 r--s 00223000 08:01 1323294                    /usr/softwares/android-studio/gradle/m2repository/org/eclipse/jdt/core/compiler/ecj/4.4.2/ecj-4.4.2.jar
7f3b35197000-7f3b3519e000 r--s 000be000 08:01 1585331                    /usr/softwares/android-studio/gradle/m2repository/com/android/tools/lint/lint-checks/25.1.3/lint-checks-25.1.3.jar
7f3b3519e000-7f3b351a0000 r--s 00006000 08:01 1323263                    /usr/softwares/android-studio/gradle/m2repository/org/ow2/asm/asm-tree/5.0.3/asm-tree-5.0.3.jar
7f3b351a0000-7f3b351d3000 r--s 00203000 08:01 1323344                    /usr/softwares/android-studio/gradle/m2repository/org/bouncycastle/bcprov-jdk15on/1.48/bcprov-jdk15on-1.48.jar
7f3b351d3000-7f3b351e1000 r--s 00081000 08:01 1323349                    /usr/softwares/android-studio/gradle/m2repository/org/bouncycastle/bcpkix-jdk15on/1.48/bcpkix-jdk15on-1.48.jar
7f3b351e1000-7f3b351e3000 r--s 00002000 08:01 1455228                    /usr/softwares/android-studio/gradle/m2repository/com/squareup/javawriter/2.5.0/javawriter-2.5.0.jar
7f3b351e3000-7f3b351e4000 r--s 00001000 08:01 1455355                    /usr/softwares/android-studio/gradle/m2repository/com/android/tools/jill/jill-api/0.10.0/jill-api-0.10.0.jar
7f3b351e4000-7f3b351e6000 r--s 00003000 08:01 1585360                    /usr/softwares/android-studio/gradle/m2repository/com/android/tools/jack/jack-api/0.10.0/jack-api-0.10.0.jar
7f3b351e6000-7f3b351ec000 r--s 0004a000 08:01 1455373                    /usr/softwares/android-studio/gradle/m2repository/com/android/tools/ddms/ddmlib/25.1.3/ddmlib-25.1.3.jar
7f3b351ec000-7f3b351ef000 r--s 00028000 08:01 1455311                    /usr/softwares/android-studio/gradle/m2repository/com/android/tools/build/manifest-merger/25.1.3/manifest-merger-25.1.3.jar
7f3b351ef000-7f3b351f1000 r--s 00018000 08:01 1585368                    /usr/softwares/android-studio/gradle/m2repository/com/android/tools/common/25.1.3/common-25.1.3.jar
7f3b351f1000-7f3b351f9000 r--s 0007c000 08:01 1455364                    /usr/softwares/android-studio/gradle/m2repository/com/android/tools/sdk-common/25.1.3/sdk-common-25.1.3.jar
7f3b351f9000-7f3b35201000 r--s 00078000 08:01 1585352                    /usr/softwares/android-studio/gradle/m2repository/com/android/tools/sdklib/25.1.3/sdklib-25.1.3.jar
7f3b35201000-7f3b35202000 r--s 00002000 08:01 1455296                    /usr/softwares/android-studio/gradle/m2repository/com/android/tools/build/builder-test-api/2.1.3/builder-test-api-2.1.3.jar
7f3b35202000-7f3b35204000 r--s 00005000 08:01 1455332                    /usr/softwares/android-studio/gradle/m2repository/com/android/tools/build/builder-model/2.1.3/builder-model-2.1.3.jar
7f3b35204000-7f3b35208000 r--s 0001e000 08:01 1323360                    /usr/softwares/android-studio/gradle/m2repository/org/jacoco/org.jacoco.core/0.7.6.201602180812/org.jacoco.core-0.7.6.201602180812.jar
7f3b35208000-7f3b35209000 r--s 00002000 08:01 1585383                    /usr/softwares/android-studio/gradle/m2repository/net/sf/proguard/proguard-gradle/5.2.1/proguard-gradle-5.2.1.jar
7f3b35209000-7f3b3520b000 r--s 00009000 08:01 1323269                    /usr/softwares/android-studio/gradle/m2repository/org/ow2/asm/asm-commons/5.0.3/asm-commons-5.0.3.jar
7f3b3520b000-7f3b3520c000 r--s 0000c000 08:01 1323278                    /usr/softwares/android-studio/gradle/m2repository/org/ow2/asm/asm/5.0.3/asm-5.0.3.jar
7f3b3520c000-7f3b35210000 r--s 0002b000 08:01 1455266                    /usr/softwares/android-studio/gradle/m2repository/com/android/databinding/compilerCommon/2.1.3/compilerCommon-2.1.3.jar
7f3b35210000-7f3b35211000 r--s 00002000 08:01 1455303                    /usr/softwares/android-studio/gradle/m2repository/com/android/tools/build/gradle-api/2.1.3/gradle-api-2.1.3.jar
7f3b35211000-7f3b35212000 r--s 00000000 08:01 1455324                    /usr/softwares/android-studio/gradle/m2repository/com/android/tools/build/transform-api/2.0.0-deprecated-use-gradle-api/transform-api-2.0.0-deprecated-use-gradle-api.jar
7f3b35212000-7f3b35214000 r--s 00023000 08:01 1585338                    /usr/softwares/android-studio/gradle/m2repository/com/android/tools/lint/lint/25.1.3/lint-25.1.3.jar
7f3b35214000-7f3b35228000 r--s 00130000 08:01 1455290                    /usr/softwares/android-studio/gradle/m2repository/com/android/tools/build/builder/2.1.3/builder-2.1.3.jar
7f3b35228000-7f3b35245000 r--s 0017c000 08:01 1455318                    /usr/softwares/android-studio/gradle/m2repository/com/android/tools/build/gradle-core/2.1.3/gradle-core-2.1.3.jar
7f3b35245000-7f3b35247000 r--s 0000c000 08:01 1455340                    /usr/softwares/android-studio/gradle/m2repository/com/android/tools/build/gradle/2.1.3/gradle-2.1.3.jar
7f3b35247000-7f3b35447000 rw-p 00000000 00:00 0 
7f3b35447000-7f3b3544a000 ---p 00000000 00:00 0 
7f3b3544a000-7f3b35748000 rw-p 00000000 00:00 0 
7f3b35748000-7f3b3574b000 ---p 00000000 00:00 0 
7f3b3574b000-7f3b35781000 rw-p 00000000 00:00 0 
7f3b35781000-7f3b35782000 r--p 00000000 00:00 0 
7f3b35782000-7f3b35982000 rw-p 00000000 00:00 0 
7f3b35982000-7f3b35b82000 rw-p 00000000 00:00 0 
7f3b35b82000-7f3b35d82000 rw-p 00000000 00:00 0 
7f3b35d82000-7f3b35f82000 rw-p 00000000 00:00 0 
7f3b35f82000-7f3b35ffb000 r--s 010e5000 08:01 1196166                    /opt/java/jdk1.8.0_101/lib/tools.jar
7f3b35ffb000-7f3b361fb000 rw-p 00000000 00:00 0 
7f3b361fb000-7f3b361fe000 ---p 00000000 00:00 0 
7f3b361fe000-7f3b362fc000 rw-p 00000000 00:00 0 
7f3b362fc000-7f3b362ff000 ---p 00000000 00:00 0 
7f3b362ff000-7f3b363fd000 rw-p 00000000 00:00 0 
7f3b363fd000-7f3b36400000 ---p 00000000 00:00 0 
7f3b36400000-7f3b364fe000 rw-p 00000000 00:00 0 
7f3b364fe000-7f3b36501000 ---p 00000000 00:00 0 
7f3b36501000-7f3b365ff000 rw-p 00000000 00:00 0 
7f3b365ff000-7f3b36602000 ---p 00000000 00:00 0 
7f3b36602000-7f3b36700000 rw-p 00000000 00:00 0 
7f3b36700000-7f3b36703000 ---p 00000000 00:00 0 
7f3b36703000-7f3b36801000 rw-p 00000000 00:00 0 
7f3b36801000-7f3b36808000 r--s 00000000 08:01 1574002                    /usr/lib/x86_64-linux-gnu/gconv/gconv-modules.cache
7f3b36808000-7f3b36a08000 rw-p 00000000 00:00 0 
7f3b36a08000-7f3b36a0b000 ---p 00000000 00:00 0 
7f3b36a0b000-7f3b36b09000 rw-p 00000000 00:00 0 
7f3b36b09000-7f3b36b0c000 ---p 00000000 00:00 0 
7f3b36b0c000-7f3b36c0a000 rw-p 00000000 00:00 0 
7f3b36c0a000-7f3b36c13000 r-xp 00000000 08:01 1324117                    /opt/java/jdk1.8.0_101/jre/lib/amd64/libmanagement.so
7f3b36c13000-7f3b36e12000 ---p 00009000 08:01 1324117                    /opt/java/jdk1.8.0_101/jre/lib/amd64/libmanagement.so
7f3b36e12000-7f3b36e13000 rw-p 00008000 08:01 1324117                    /opt/java/jdk1.8.0_101/jre/lib/amd64/libmanagement.so
7f3b36e13000-7f3b36e17000 r--s 00097000 08:01 1324070                    /opt/java/jdk1.8.0_101/jre/lib/jsse.jar
7f3b36e17000-7f3b36e19000 r--s 00007000 08:01 1195334                    /usr/softwares/android-studio/gradle/gradle-2.14.1/lib/plugins/gradle-tooling-api-builders-2.14.1.jar
7f3b36e19000-7f3b36e1c000 r--s 00008000 08:01 1195328                    /usr/softwares/android-studio/gradle/gradle-2.14.1/lib/plugins/gradle-testing-native-2.14.1.jar
7f3b36e1c000-7f3b36e1e000 r--s 00009000 08:01 1195409                    /usr/softwares/android-studio/gradle/gradle-2.14.1/lib/plugins/hamcrest-core-1.3.jar
7f3b36e1e000-7f3b36e24000 r--s 00033000 08:01 1195339                    /usr/softwares/android-studio/gradle/gradle-2.14.1/lib/plugins/snakeyaml-1.6.jar
7f3b36e24000-7f3b36e26000 r--s 00006000 08:01 1195360                    /usr/softwares/android-studio/gradle/gradle-2.14.1/lib/plugins/jcommander-1.12.jar
7f3b36e26000-7f3b36e2b000 r--s 00040000 08:01 1195337                    /usr/softwares/android-studio/gradle/gradle-2.14.1/lib/plugins/bsh-2.0b4.jar
7f3b36e2b000-7f3b36e34000 r--s 00089000 08:01 1195363                    /usr/softwares/android-studio/gradle/gradle-2.14.1/lib/plugins/testng-6.3.1.jar
7f3b36e34000-7f3b36e3c000 r--s 00045000 08:01 1195368                    /usr/softwares/android-studio/gradle/gradle-2.14.1/lib/plugins/junit-4.12.jar
7f3b36e3c000-7f3b36e42000 r--s 0002e000 08:01 1195344                    /usr/softwares/android-studio/gradle/gradle-2.14.1/lib/plugins/gradle-testing-jvm-2.14.1.jar
7f3b36e42000-7f3b36e47000 r--s 00015000 08:01 1195353                    /usr/softwares/android-studio/gradle/gradle-2.14.1/lib/plugins/gradle-testing-base-2.14.1.jar
7f3b36e47000-7f3b36e48000 r--s 00002000 08:01 1195366                    /usr/softwares/android-studio/gradle/gradle-2.14.1/lib/plugins/sonar-batch-bootstrapper-2.9.jar
7f3b36e48000-7f3b36e4b000 r--s 00015000 08:01 1195343                    /usr/softwares/android-studio/gradle/gradle-2.14.1/lib/plugins/gradle-sonar-2.14.1.jar
7f3b36e4b000-7f3b36e52000 r--s 00038000 08:01 1195384                    /usr/softwares/android-studio/gradle/gradle-2.14.1/lib/plugins/bcpg-jdk15on-1.51.jar
7f3b36e52000-7f3b36e54000 r--s 0000d000 08:01 1195390                    /usr/softwares/android-studio/gradle/gradle-2.14.1/lib/plugins/gradle-signing-2.14.1.jar
7f3b36e54000-7f3b36e57000 r--s 00009000 08:01 1195373                    /usr/softwares/android-studio/gradle/gradle-2.14.1/lib/plugins/gradle-scala-2.14.1.jar
7f3b36e57000-7f3b36e58000 r--s 00004000 08:01 1195397                    /usr/softwares/android-studio/gradle/gradle-2.14.1/lib/plugins/gradle-resources-sftp-2.14.1.jar
7f3b36e58000-7f3b36e68000 r--s 00088000 08:01 1195350                    /usr/softwares/android-studio/gradle/gradle-2.14.1/lib/plugins/joda-time-2.8.2.jar
7f3b36e68000-7f3b36e79000 r--s 000cf000 08:01 1195416                    /usr/softwares/android-studio/gradle/gradle-2.14.1/lib/plugins/jackson-databind-2.3.2.jar
7f3b36e79000-7f3b36e7b000 r--s 00007000 08:01 1195379                    /usr/softwares/android-studio/gradle/gradle-2.14.1/lib/plugins/jackson-annotations-2.3.2.jar
7f3b36e7b000-7f3b36e7e000 r--s 0002e000 08:01 1195386                    /usr/softwares/android-studio/gradle/gradle-2.14.1/lib/plugins/jackson-core-2.3.2.jar
7f3b36e7e000-7f3b36e89000 r--s 0006b000 08:01 1195433                    /usr/softwares/android-studio/gradle/gradle-2.14.1/lib/plugins/aws-java-sdk-core-1.9.19.jar
7f3b36e89000-7f3b36e8f000 r--s 00036000 08:01 1195378                    /usr/softwares/android-studio/gradle/gradle-2.14.1/lib/plugins/aws-java-sdk-kms-1.9.19.jar
7f3b36e8f000-7f3b36e9a000 r--s 00079000 08:01 1195365                    /usr/softwares/android-studio/gradle/gradle-2.14.1/lib/plugins/aws-java-sdk-s3-1.9.19.jar
7f3b36e9a000-7f3b36e9b000 r--s 00003000 08:01 1195412                    /usr/softwares/android-studio/gradle/gradle-2.14.1/lib/plugins/gradle-resources-s3-2.14.1.jar
7f3b36e9b000-7f3b36e9d000 r--s 00005000 08:01 1195407                    /usr/softwares/android-studio/gradle/gradle-2.14.1/lib/plugins/jatl-0.2.2.jar
7f3b36e9d000-7f3b36e9f000 r--s 0000f000 08:01 1195424                    /usr/softwares/android-studio/gradle/gradle-2.14.1/lib/plugins/gradle-reporting-2.14.1.jar
7f3b36e9f000-7f3b36ea1000 r--s 00002000 08:01 1195383                    /usr/softwares/android-studio/gradle/gradle-2.14.1/lib/plugins/gradle-publish-2.14.1.jar
7f3b36ea1000-7f3b36ea3000 r--s 00009000 08:01 1195356                    /usr/softwares/android-studio/gradle/gradle-2.14.1/lib/plugins/commons-cli-1.2.jar
7f3b36ea3000-7f3b36ea9000 r--s 00033000 08:01 1195367                    /usr/softwares/android-studio/gradle/gradle-2.14.1/lib/plugins/gradle-plugins-2.14.1.jar
7f3b36ea9000-7f3b36eab000 r--s 00007000 08:01 1195331                    /usr/softwares/android-studio/gradle/gradle-2.14.1/lib/plugins/gradle-plugin-development-2.14.1.jar
7f3b36eab000-7f3b36eb1000 r--s 0002a000 08:01 1195389                    /usr/softwares/android-studio/gradle/gradle-2.14.1/lib/plugins/gradle-platform-play-2.14.1.jar
7f3b36eb1000-7f3b36ebe000 r--s 0004d000 08:01 1195388                    /usr/softwares/android-studio/gradle/gradle-2.14.1/lib/plugins/gradle-platform-native-2.14.1.jar
7f3b36ebe000-7f3b36ec2000 r--s 0001a000 08:01 1195410                    /usr/softwares/android-studio/gradle/gradle-2.14.1/lib/plugins/gradle-platform-jvm-2.14.1.jar
7f3b36ec2000-7f3b36ec9000 r--s 00029000 08:01 1195359                    /usr/softwares/android-studio/gradle/gradle-2.14.1/lib/plugins/gradle-platform-base-2.14.1.jar
7f3b36ec9000-7f3b36eea000 r--s 001c3000 08:01 1195335                    /usr/softwares/android-studio/gradle/gradle-2.14.1/lib/plugins/bndlib-2.4.0.jar
7f3b36eea000-7f3b36eec000 r--s 00003000 08:01 1195415                    /usr/softwares/android-studio/gradle/gradle-2.14.1/lib/plugins/gradle-osgi-2.14.1.jar
7f3b36eec000-7f3b36eef000 r--s 0000c000 08:01 1195419                    /usr/softwares/android-studio/gradle/gradle-2.14.1/lib/plugins/pmaven-groovy-0.8-20100325.jar
7f3b36eef000-7f3b36ef0000 r--s 00004000 08:01 1195405                    /usr/softwares/android-studio/gradle/gradle-2.14.1/lib/plugins/pmaven-common-0.8-20100325.jar
7f3b36ef0000-7f3b36ef6000 r--s 00022000 08:01 1195358                    /usr/softwares/android-studio/gradle/gradle-2.14.1/lib/plugins/gradle-maven-2.14.1.jar
7f3b36ef6000-7f3b36ef8000 r--s 0000a000 08:01 1195340                    /usr/softwares/android-studio/gradle/gradle-2.14.1/lib/plugins/gradle-language-scala-2.14.1.jar
7f3b36ef8000-7f3b36efe000 r--s 0001a000 08:01 1195345                    /usr/softwares/android-studio/gradle/gradle-2.14.1/lib/plugins/gradle-language-native-2.14.1.jar
7f3b36efe000-7f3b36f00000 r--s 00008000 08:01 1195333                    /usr/softwares/android-studio/gradle/gradle-2.14.1/lib/plugins/gradle-language-jvm-2.14.1.jar
7f3b36f00000-7f3b36f06000 r--s 00024000 08:01 1195406                    /usr/softwares/android-studio/gradle/gradle-2.14.1/lib/plugins/gradle-language-java-2.14.1.jar
7f3b36f06000-7f3b36f08000 r--s 0000a000 08:01 1195387                    /usr/softwares/android-studio/gradle/gradle-2.14.1/lib/plugins/gradle-language-groovy-2.14.1.jar
7f3b36f08000-7f3b36f0b000 r--s 0001e000 08:01 1195327                    /usr/softwares/android-studio/gradle/gradle-2.14.1/lib/plugins/jsp-api-2.1-6.1.14.jar
7f3b36f0b000-7f3b36f2e000 r--s 00344000 08:01 1195380                    /usr/softwares/android-studio/gradle/gradle-2.14.1/lib/plugins/core-3.1.1.jar
7f3b36f2e000-7f3b36f2f000 r--s 00006000 08:01 1195417                    /usr/softwares/android-studio/gradle/gradle-2.14.1/lib/plugins/jetty-naming-6.1.25.jar
7f3b36f2f000-7f3b36f30000 r--s 00002000 08:01 1195375                    /usr/softwares/android-studio/gradle/gradle-2.14.1/lib/plugins/geronimo-annotation_1.0_spec-1.0.jar
7f3b36f30000-7f3b36f32000 r--s 00002000 08:01 1195413                    /usr/softwares/android-studio/gradle/gradle-2.14.1/lib/plugins/jetty-annotations-6.1.25.jar
7f3b36f32000-7f3b36f43000 r--s 000ea000 08:01 1195426                    /usr/softwares/android-studio/gradle/gradle-2.14.1/lib/plugins/jsp-2.1-6.1.14.jar
7f3b36f43000-7f3b36f45000 r--s 0000d000 08:01 1195381                    /usr/softwares/android-studio/gradle/gradle-2.14.1/lib/plugins/jetty-plus-6.1.25.jar
7f3b36f45000-7f3b36f47000 r--s 0001f000 08:01 1195440                    /usr/softwares/android-studio/gradle/gradle-2.14.1/lib/plugins/servlet-api-2.5-20081211.jar
7f3b36f47000-7f3b36f4b000 r--s 00028000 08:01 1195361                    /usr/softwares/android-studio/gradle/gradle-2.14.1/lib/plugins/jetty-util-6.1.25.jar
7f3b36f4b000-7f3b36f52000 r--s 0007d000 08:01 1195369                    /usr/softwares/android-studio/gradle/gradle-2.14.1/lib/plugins/jetty-6.1.25.jar
7f3b36f52000-7f3b36f54000 r--s 00009000 08:01 1195422                    /usr/softwares/android-studio/gradle/gradle-2.14.1/lib/plugins/gradle-jetty-2.14.1.jar
7f3b36f54000-7f3b36f5b000 r--s 00035000 08:01 1195436                    /usr/softwares/android-studio/gradle/gradle-2.14.1/lib/plugins/simple-4.1.21.jar
7f3b36f5b000-7f3b36f67000 r--s 00100000 08:01 1195351                    /usr/softwares/android-studio/gradle/gradle-2.14.1/lib/plugins/rhino-1.7R3.jar
7f3b36f67000-7f3b36f6b000 r--s 00011000 08:01 1195404                    /usr/softwares/android-studio/gradle/gradle-2.14.1/lib/plugins/gradle-javascript-2.14.1.jar
7f3b36f6b000-7f3b36f6d000 r--s 0000c000 08:01 1195438                    /usr/softwares/android-studio/gradle/gradle-2.14.1/lib/plugins/gradle-jacoco-2.14.1.jar
7f3b36f6d000-7f3b36f70000 r--s 0000e000 08:01 1195435                    /usr/softwares/android-studio/gradle/gradle-2.14.1/lib/plugins/gradle-ivy-2.14.1.jar
7f3b36f70000-7f3b36f71000 r--s 00002000 08:01 1195427                    /usr/softwares/android-studio/gradle/gradle-2.14.1/lib/plugins/gradle-ide-play-2.14.1.jar
7f3b36f71000-7f3b36f76000 r--s 0002b000 08:01 1195423                    /usr/softwares/android-studio/gradle/gradle-2.14.1/lib/plugins/gradle-ide-native-2.14.1.jar
7f3b36f76000-7f3b36f81000 r--s 00066000 08:01 1195341                    /usr/softwares/android-studio/gradle/gradle-2.14.1/lib/plugins/gradle-ide-2.14.1.jar
7f3b36f81000-7f3b36f82000 r--s 00008000 08:01 1195338                    /usr/softwares/android-studio/gradle/gradle-2.14.1/lib/plugins/gradle-ear-2.14.1.jar
7f3b36f82000-7f3b36f88000 r--s 00032000 08:01 1195349                    /usr/softwares/android-studio/gradle/gradle-2.14.1/lib/plugins/gradle-diagnostics-2.14.1.jar
7f3b36f88000-7f3b36f8c000 r--s 00021000 08:01 1195425                    /usr/softwares/android-studio/gradle/gradle-2.14.1/lib/plugins/gradle-code-quality-2.14.1.jar
7f3b36f8c000-7f3b36f90000 r--s 0001f000 08:01 1195348                    /usr/softwares/android-studio/gradle/gradle-2.14.1/lib/plugins/gradle-build-init-2.14.1.jar
7f3b36f90000-7f3b36f97000 r--s 0008e000 08:01 1195432                    /usr/softwares/android-studio/gradle/gradle-2.14.1/lib/plugins/gradle-build-comparison-2.14.1.jar
7f3b36f97000-7f3b36f99000 r--s 00008000 08:01 1195408                    /usr/softwares/android-studio/gradle/gradle-2.14.1/lib/plugins/gradle-antlr-2.14.1.jar
7f3b36f99000-7f3b36f9b000 r--s 00004000 08:01 1195434                    /usr/softwares/android-studio/gradle/gradle-2.14.1/lib/plugins/gradle-announce-2.14.1.jar
7f3b36f9b000-7f3b36fb3000 r--s 00115000 08:01 1195372                    /usr/softwares/android-studio/gradle/gradle-2.14.1/lib/plugins/xercesImpl-2.9.1.jar
7f3b36fb3000-7f3b36fbb000 r--s 00028000 08:01 1195400                    /usr/softwares/android-studio/gradle/gradle-2.14.1/lib/plugins/xml-apis-1.3.04.jar
7f3b36fbb000-7f3b36fc1000 r--s 0005b000 08:01 1195391                    /usr/softwares/android-studio/gradle/gradle-2.14.1/lib/plugins/jcifs-1.3.17.jar
7f3b36fc1000-7f3b36fc8000 r--s 00049000 08:01 1195402                    /usr/softwares/android-studio/gradle/gradle-2.14.1/lib/plugins/httpcore-4.4.4.jar
7f3b36fc8000-7f3b36fce000 r--s 00033000 08:01 1195347                    /usr/softwares/android-studio/gradle/gradle-2.14.1/lib/plugins/commons-codec-1.6.jar
7f3b36fce000-7f3b36fd1000 r--s 0001c000 08:01 1195342                    /usr/softwares/android-studio/gradle/gradle-2.14.1/lib/plugins/nekohtml-1.9.14.jar
7f3b36fd1000-7f3b36fde000 r--s 000a4000 08:01 1195420                    /usr/softwares/android-studio/gradle/gradle-2.14.1/lib/plugins/httpclient-4.4.1.jar
7f3b36fde000-7f3b36fe0000 r--s 0000a000 08:01 1195329                    /usr/softwares/android-studio/gradle/gradle-2.14.1/lib/plugins/gradle-resources-http-2.14.1.jar
7f3b36fe0000-7f3b36fe4000 r--s 00014000 08:01 1195394                    /usr/softwares/android-studio/gradle/gradle-2.14.1/lib/plugins/gradle-plugin-use-2.14.1.jar
7f3b36fe4000-7f3b36fe5000 r--s 00000000 08:01 1195285                    /usr/softwares/android-studio/gradle/gradle-2.14.1/lib/gradle-installation-beacon-2.14.1.jar
7f3b36fe5000-7f3b36fe6000 r--s 00007000 08:01 1195357                    /usr/softwares/android-studio/gradle/gradle-2.14.1/lib/plugins/wagon-http-shared4-2.4.jar
7f3b36fe6000-7f3b36fea000 r--s 00033000 08:01 1195411                    /usr/softwares/android-studio/gradle/gradle-2.14.1/lib/plugins/plexus-utils-2.0.6.jar
7f3b36fea000-7f3b36fee000 r--s 00021000 08:01 1195393                    /usr/softwares/android-studio/gradle/gradle-2.14.1/lib/plugins/maven-model-builder-3.0.4.jar
7f3b36fee000-7f3b36fef000 r--s 00002000 08:01 1195346                    /usr/softwares/android-studio/gradle/gradle-2.14.1/lib/plugins/wagon-file-2.4.jar
7f3b36fef000-7f3b36ff1000 r--s 00002000 08:01 1195403                    /usr/softwares/android-studio/gradle/gradle-2.14.1/lib/plugins/plexus-cipher-1.7.jar
7f3b36ff1000-7f3b36ff4000 r--s 00013000 08:01 1195439                    /usr/softwares/android-studio/gradle/gradle-2.14.1/lib/plugins/aether-api-1.13.1.jar
7f3b36ff4000-7f3b36ff6000 r--s 0000a000 08:01 1195362                    /usr/softwares/android-studio/gradle/gradle-2.14.1/lib/plugins/maven-settings-3.0.4.jar
7f3b36ff6000-7f3b36ff8000 r--s 0000d000 08:01 1195395                    /usr/softwares/android-studio/gradle/gradle-2.14.1/lib/plugins/plexus-interpolation-1.14.jar
7f3b36ff8000-7f3b36ffa000 r--s 0000b000 08:01 1195418                    /usr/softwares/android-studio/gradle/gradle-2.14.1/lib/plugins/maven-artifact-3.0.4.jar
7f3b36ffa000-7f3b37001000 r--s 0002e000 08:01 1195354                    /usr/softwares/android-studio/gradle/gradle-2.14.1/lib/plugins/plexus-container-default-1.5.5.jar
7f3b37001000-7f3b37003000 r--s 0000b000 08:01 1195382                    /usr/softwares/android-studio/gradle/gradle-2.14.1/lib/plugins/maven-plugin-api-3.0.4.jar
7f3b37003000-7f3b37005000 r--s 00000000 08:01 1195385                    /usr/softwares/android-studio/gradle/gradle-2.14.1/lib/plugins/plexus-component-annotations-1.5.5.jar
7f3b37005000-7f3b3700b000 r--s 0003f000 08:01 1195396                    /usr/softwares/android-studio/gradle/gradle-2.14.1/lib/plugins/maven-compat-3.0.4.jar
7f3b3700b000-7f3b3700e000 r--s 00008000 08:01 1195370                    /usr/softwares/android-studio/gradle/gradle-2.14.1/lib/plugins/maven-settings-builder-3.0.4.jar
7f3b3700e000-7f3b37010000 r--s 00026000 08:01 1195437                    /usr/softwares/android-studio/gradle/gradle-2.14.1/lib/plugins/maven-model-3.0.4.jar
7f3b37010000-7f3b37012000 r--s 00006000 08:01 1195414                    /usr/softwares/android-studio/gradle/gradle-2.14.1/lib/plugins/aether-connector-wagon-1.13.1.jar
7f3b37012000-7f3b37014000 r--s 0000a000 08:01 1195355                    /usr/softwares/android-studio/gradle/gradle-2.14.1/lib/plugins/plexus-classworlds-2.4.jar
7f3b37014000-7f3b37016000 r--s 00006000 08:01 1195398                    /usr/softwares/android-studio/gradle/gradle-2.14.1/lib/plugins/maven-repository-metadata-3.0.4.jar
7f3b37016000-7f3b37018000 r--s 0000c000 08:01 1195374                    /usr/softwares/android-studio/gradle/gradle-2.14.1/lib/plugins/maven-aether-provider-3.0.4.jar
7f3b37018000-7f3b3701a000 r--s 0000b000 08:01 1195364                    /usr/softwares/android-studio/gradle/gradle-2.14.1/lib/plugins/wagon-provider-api-2.4.jar
7f3b3701a000-7f3b3701e000 r--s 0001c000 08:01 1195428                    /usr/softwares/android-studio/gradle/gradle-2.14.1/lib/plugins/aether-util-1.13.1.jar
7f3b3701e000-7f3b37021000 r--s 0001d000 08:01 1195392                    /usr/softwares/android-studio/gradle/gradle-2.14.1/lib/plugins/aether-impl-1.13.1.jar
7f3b37021000-7f3b37026000 r--s 00040000 08:01 1195332                    /usr/softwares/android-studio/gradle/gradle-2.14.1/lib/plugins/jsch-0.1.53.jar
7f3b37026000-7f3b37066000 r--s 00277000 08:01 1195336                    /usr/softwares/android-studio/gradle/gradle-2.14.1/lib/plugins/bcprov-jdk15on-1.51.jar
7f3b37066000-7f3b3706a000 r--s 0001d000 08:01 1195377                    /usr/softwares/android-studio/gradle/gradle-2.14.1/lib/plugins/xbean-reflect-3.4.jar
7f3b3706a000-7f3b37076000 r--s 0007d000 08:01 1195401                    /usr/softwares/android-studio/gradle/gradle-2.14.1/lib/plugins/maven-core-3.0.4.jar
7f3b37076000-7f3b37085000 r--s 000d9000 08:01 1195352                    /usr/softwares/android-studio/gradle/gradle-2.14.1/lib/plugins/ivy-2.2.0.jar
7f3b37085000-7f3b3709b000 r-xp 00000000 08:01 2757795                    /lib/x86_64-linux-gnu/libgcc_s.so.1
7f3b3709b000-7f3b3729a000 ---p 00016000 08:01 2757795                    /lib/x86_64-linux-gnu/libgcc_s.so.1
7f3b3729a000-7f3b3729b000 rw-p 00015000 08:01 2757795                    /lib/x86_64-linux-gnu/libgcc_s.so.1
7f3b3729b000-7f3b3740d000 r-xp 00000000 08:01 1184753                    /usr/lib/x86_64-linux-gnu/libstdc++.so.6.0.21
7f3b3740d000-7f3b3760d000 ---p 00172000 08:01 1184753                    /usr/lib/x86_64-linux-gnu/libstdc++.so.6.0.21
7f3b3760d000-7f3b37617000 r--p 00172000 08:01 1184753                    /usr/lib/x86_64-linux-gnu/libstdc++.so.6.0.21
7f3b37617000-7f3b37619000 rw-p 0017c000 08:01 1184753                    /usr/lib/x86_64-linux-gnu/libstdc++.so.6.0.21
7f3b37619000-7f3b3761d000 rw-p 00000000 00:00 0 
7f3b3761d000-7f3b3761e000 r--s 00002000 08:01 1195326                    /usr/softwares/android-studio/gradle/gradle-2.14.1/lib/plugins/wagon-http-2.4.jar
7f3b3761e000-7f3b3761f000 r--s 00003000 08:01 1195330                    /usr/softwares/android-studio/gradle/gradle-2.14.1/lib/plugins/aether-spi-1.13.1.jar
7f3b3761f000-7f3b37620000 r--s 00006000 08:01 1195399                    /usr/softwares/android-studio/gradle/gradle-2.14.1/lib/plugins/plexus-sec-dispatcher-1.3.jar
7f3b37620000-7f3b37625000 r--s 0002a000 08:01 1195371                    /usr/softwares/android-studio/gradle/gradle-2.14.1/lib/plugins/gson-2.2.4.jar
7f3b37625000-7f3b37641000 r--s 000d3000 08:01 1195376                    /usr/softwares/android-studio/gradle/gradle-2.14.1/lib/plugins/gradle-dependency-management-2.14.1.jar
7f3b37641000-7f3b37645000 r-xp 00000000 08:01 2893864                    /home/voloide/.gradle/native/19/linux-amd64/libnative-platform.so
7f3b37645000-7f3b37844000 ---p 00004000 08:01 2893864                    /home/voloide/.gradle/native/19/linux-amd64/libnative-platform.so
7f3b37844000-7f3b37845000 rw-p 00003000 08:01 2893864                    /home/voloide/.gradle/native/19/linux-amd64/libnative-platform.so
7f3b37845000-7f3b37856000 r-xp 00000000 08:01 1324106                    /opt/java/jdk1.8.0_101/jre/lib/amd64/libnio.so
7f3b37856000-7f3b37a55000 ---p 00011000 08:01 1324106                    /opt/java/jdk1.8.0_101/jre/lib/amd64/libnio.so
7f3b37a55000-7f3b37a56000 rw-p 00010000 08:01 1324106                    /opt/java/jdk1.8.0_101/jre/lib/amd64/libnio.so
7f3b37a56000-7f3b37d57000 rw-p 00000000 00:00 0 
7f3b37d57000-7f3b37d6d000 r-xp 00000000 08:01 1324083                    /opt/java/jdk1.8.0_101/jre/lib/amd64/libnet.so
7f3b37d6d000-7f3b37f6d000 ---p 00016000 08:01 1324083                    /opt/java/jdk1.8.0_101/jre/lib/amd64/libnet.so
7f3b37f6d000-7f3b37f6e000 rw-p 00016000 08:01 1324083                    /opt/java/jdk1.8.0_101/jre/lib/amd64/libnet.so
7f3b37f6e000-7f3b37f70000 r--s 00005000 08:01 1195295                    /usr/softwares/android-studio/gradle/gradle-2.14.1/lib/gradle-wrapper-2.14.1.jar
7f3b37f70000-7f3b37f7e000 r--s 0004f000 08:01 1195280                    /usr/softwares/android-studio/gradle/gradle-2.14.1/lib/gradle-tooling-api-2.14.1.jar
7f3b37f7e000-7f3b37f80000 r--s 00002000 08:01 1195284                    /usr/softwares/android-studio/gradle/gradle-2.14.1/lib/gradle-open-api-2.14.1.jar
7f3b37f80000-7f3b37f86000 r--s 00032000 08:01 1195318                    /usr/softwares/android-studio/gradle/gradle-2.14.1/lib/jaxen-1.1.jar
7f3b37f86000-7f3b37f91000 r--s 00059000 08:01 1195312                    /usr/softwares/android-studio/gradle/gradle-2.14.1/lib/gradle-ui-2.14.1.jar
7f3b37f91000-7f3b38000000 r--s 0063e000 08:01 1195445                    /usr/softwares/android-studio/gradle/gradle-2.14.1/lib/groovy-all-2.4.4.jar
7f3b38000000-7f3b38152000 rw-p 00000000 00:00 0 
7f3b38152000-7f3b3c000000 ---p 00000000 00:00 0 
7f3b3c000000-7f3b3c005000 r--s 00048000 08:01 1195283                    /usr/softwares/android-studio/gradle/gradle-2.14.1/lib/dom4j-1.6.1.jar
7f3b3c005000-7f3b3c008000 r--s 0000b000 08:01 1195441                    /usr/softwares/android-studio/gradle/gradle-2.14.1/lib/gradle-resources-2.14.1.jar
7f3b3c008000-7f3b3c00a000 r--s 00003000 08:01 1195321                    /usr/softwares/android-studio/gradle/gradle-2.14.1/lib/jcl-over-slf4j-1.7.10.jar
7f3b3c00a000-7f3b3c00b000 r--s 00005000 08:01 1195315                    /usr/softwares/android-studio/gradle/gradle-2.14.1/lib/log4j-over-slf4j-1.7.10.jar
7f3b3c00b000-7f3b3c00d000 r--s 00000000 08:01 1195442                    /usr/softwares/android-studio/gradle/gradle-2.14.1/lib/jul-to-slf4j-1.7.10.jar
7f3b3c00d000-7f3b3c012000 r--s 0001c000 08:01 1195293                    /usr/softwares/android-studio/gradle/gradle-2.14.1/lib/gradle-logging-2.14.1.jar
7f3b3c012000-7f3b3c014000 r--s 00007000 08:01 1195324                    /usr/softwares/android-studio/gradle/gradle-2.14.1/lib/objenesis-1.2.jar
7f3b3c014000-7f3b3c016000 r--s 00000000 08:01 1195288                    /usr/softwares/android-studio/gradle/gradle-2.14.1/lib/minlog-1.2.jar
7f3b3c016000-7f3b3c018000 r--s 0000f000 08:01 1195299                    /usr/softwares/android-studio/gradle/gradle-2.14.1/lib/reflectasm-1.07-shaded.jar
7f3b3c018000-7f3b3c01c000 r--s 00026000 08:01 1195313                    /usr/softwares/android-studio/gradle/gradle-2.14.1/lib/kryo-2.20.jar
7f3b3c01c000-7f3b3c022000 r--s 00025000 08:01 1195282                    /usr/softwares/android-studio/gradle/gradle-2.14.1/lib/gradle-messaging-2.14.1.jar
7f3b3c022000-7f3b3c023000 r--s 00003000 08:01 1195320                    /usr/softwares/android-studio/gradle/gradle-2.14.1/lib/native-platform-freebsd-amd64-0.10.jar
7f3b3c023000-7f3b3c024000 r--s 00003000 08:01 1195302                    /usr/softwares/android-studio/gradle/gradle-2.14.1/lib/native-platform-freebsd-i386-0.10.jar
7f3b3c024000-7f3b3c025000 r--s 00005000 08:01 1195290                    /usr/softwares/android-studio/gradle/gradle-2.14.1/lib/native-platform-windows-i386-0.10.jar
7f3b3c025000-7f3b3c026000 r--s 00005000 08:01 1195289                    /usr/softwares/android-studio/gradle/gradle-2.14.1/lib/native-platform-windows-amd64-0.10.jar
7f3b3c026000-7f3b3c027000 r--s 00003000 08:01 1195303                    /usr/softwares/android-studio/gradle/gradle-2.14.1/lib/native-platform-linux-i386-0.10.jar
7f3b3c027000-7f3b3c028000 r--s 00003000 08:01 1195287                    /usr/softwares/android-studio/gradle/gradle-2.14.1/lib/native-platform-linux-amd64-0.10.jar
7f3b3c028000-7f3b3c029000 r--s 00002000 08:01 1195286                    /usr/softwares/android-studio/gradle/gradle-2.14.1/lib/native-platform-osx-amd64-0.10.jar
7f3b3c029000-7f3b3c02a000 r--s 00002000 08:01 1195316                    /usr/softwares/android-studio/gradle/gradle-2.14.1/lib/native-platform-osx-i386-0.10.jar
7f3b3c02a000-7f3b3c02c000 r--s 00008000 08:01 1195317                    /usr/softwares/android-studio/gradle/gradle-2.14.1/lib/jansi-1.2.1.jar
7f3b3c02c000-7f3b3c02f000 r--s 0000d000 08:01 1195311                    /usr/softwares/android-studio/gradle/gradle-2.14.1/lib/native-platform-0.10.jar
7f3b3c02f000-7f3b3c033000 r--s 000e4000 08:01 1195310                    /usr/softwares/android-studio/gradle/gradle-2.14.1/lib/jna-3.2.7.jar
7f3b3c033000-7f3b3c035000 r--s 00009000 08:01 1195322                    /usr/softwares/android-studio/gradle/gradle-2.14.1/lib/gradle-native-2.14.1.jar
7f3b3c035000-7f3b3c037000 r--s 00005000 08:01 1195323                    /usr/softwares/android-studio/gradle/gradle-2.14.1/lib/gradle-cli-2.14.1.jar
7f3b3c037000-7f3b3c039000 r--s 00007000 08:01 1195292                    /usr/softwares/android-studio/gradle/gradle-2.14.1/lib/gradle-model-groovy-2.14.1.jar
7f3b3c039000-7f3b3c03a000 r--s 00006000 08:01 1195307                    /usr/softwares/android-studio/gradle/gradle-2.14.1/lib/gradle-base-services-groovy-2.14.1.jar
7f3b3c03a000-7f3b3c049000 r--s 00080000 08:01 1195308                    /usr/softwares/android-studio/gradle/gradle-2.14.1/lib/gradle-model-core-2.14.1.jar
7f3b3c049000-7f3b3c04a000 r--s 00002000 08:01 1195300                    /usr/softwares/android-studio/gradle/gradle-2.14.1/lib/gradle-docs-2.14.1.jar
7f3b3c04a000-7f3b3c04b000 r--s 00000000 08:01 1195444                    /usr/softwares/android-studio/gradle/gradle-2.14.1/lib/javax.inject-1.jar
7f3b3c04b000-7f3b3c04f000 r--s 00027000 08:01 1195314                    /usr/softwares/android-studio/gradle/gradle-2.14.1/lib/commons-io-2.2.jar
7f3b3c04f000-7f3b3c05c000 r--s 00083000 08:01 1195443                    /usr/softwares/android-studio/gradle/gradle-2.14.1/lib/commons-collections-3.2.2.jar
7f3b3c05c000-7f3b3c084000 r--s 001cf000 08:01 1195296                    /usr/softwares/android-studio/gradle/gradle-2.14.1/lib/guava-jdk5-17.0.jar
7f3b3c084000-7f3b3c0a3000 r--s 001d1000 08:01 1195294                    /usr/softwares/android-studio/gradle/gradle-2.14.1/lib/ant-1.9.6.jar
7f3b3c0a3000-7f3b3c0da000 r--s 001bd000 08:01 1195297                    /usr/softwares/android-studio/gradle/gradle-2.14.1/lib/gradle-core-2.14.1.jar
7f3b3c0da000-7f3b3c0db000 ---p 00000000 00:00 0 
7f3b3c0db000-7f3b3c1db000 rw-p 00000000 00:00 0 
7f3b3c1db000-7f3b3c1de000 ---p 00000000 00:00 0 
7f3b3c1de000-7f3b3c2dc000 rw-p 00000000 00:00 0 
7f3b3c2dc000-7f3b3c2df000 ---p 00000000 00:00 0 
7f3b3c2df000-7f3b3c3dd000 rw-p 00000000 00:00 0 
7f3b3c3dd000-7f3b3c3e0000 ---p 00000000 00:00 0 
7f3b3c3e0000-7f3b3c4de000 rw-p 00000000 00:00 0 
7f3b3c4de000-7f3b3c4e1000 ---p 00000000 00:00 0 
7f3b3c4e1000-7f3b3c5df000 rw-p 00000000 00:00 0 
7f3b3c5df000-7f3b3c8b7000 r--p 00000000 08:01 1187670                    /usr/lib/locale/locale-archive
7f3b3c8b7000-7f3b3c8ba000 ---p 00000000 00:00 0 
7f3b3c8ba000-7f3b3c9b8000 rw-p 00000000 00:00 0 
7f3b3c9b8000-7f3b3c9bb000 ---p 00000000 00:00 0 
7f3b3c9bb000-7f3b3cab9000 rw-p 00000000 00:00 0 
7f3b3cab9000-7f3b3caba000 ---p 00000000 00:00 0 
7f3b3caba000-7f3b3d000000 rw-p 00000000 00:00 0 
7f3b3d000000-7f3b3f3a0000 rwxp 00000000 00:00 0 
7f3b3f3a0000-7f3b4c000000 ---p 00000000 00:00 0 
7f3b4c000000-7f3b4cb38000 rw-p 00000000 00:00 0 
7f3b4cb38000-7f3b50000000 ---p 00000000 00:00 0 
7f3b50000000-7f3b50554000 rw-p 00000000 00:00 0 
7f3b50554000-7f3b5072d000 r--s 03d29000 08:01 1324075                    /opt/java/jdk1.8.0_101/jre/lib/rt.jar
7f3b5072d000-7f3b513a3000 rw-p 00000000 00:00 0 
7f3b513a3000-7f3b513a4000 ---p 00000000 00:00 0 
7f3b513a4000-7f3b514a4000 rw-p 00000000 00:00 0 
7f3b514a4000-7f3b514a5000 ---p 00000000 00:00 0 
7f3b514a5000-7f3b51771000 rw-p 00000000 00:00 0 
7f3b51771000-7f3b51850000 ---p 00000000 00:00 0 
7f3b51850000-7f3b51a1c000 rw-p 00000000 00:00 0 
7f3b51a1c000-7f3b51afa000 ---p 00000000 00:00 0 
7f3b51afa000-7f3b51c47000 rw-p 00000000 00:00 0 
7f3b51c47000-7f3b51c50000 ---p 00000000 00:00 0 
7f3b51c50000-7f3b51ce0000 rw-p 00000000 00:00 0 
7f3b51ce0000-7f3b52011000 ---p 00000000 00:00 0 
7f3b52011000-7f3b5202b000 r-xp 00000000 08:01 1324104                    /opt/java/jdk1.8.0_101/jre/lib/amd64/libzip.so
7f3b5202b000-7f3b5222b000 ---p 0001a000 08:01 1324104                    /opt/java/jdk1.8.0_101/jre/lib/amd64/libzip.so
7f3b5222b000-7f3b5222c000 rw-p 0001a000 08:01 1324104                    /opt/java/jdk1.8.0_101/jre/lib/amd64/libzip.so
7f3b5222c000-7f3b52237000 r-xp 00000000 08:01 2757856                    /lib/x86_64-linux-gnu/libnss_files-2.23.so
7f3b52237000-7f3b52436000 ---p 0000b000 08:01 2757856                    /lib/x86_64-linux-gnu/libnss_files-2.23.so
7f3b52436000-7f3b52437000 r--p 0000a000 08:01 2757856                    /lib/x86_64-linux-gnu/libnss_files-2.23.so
7f3b52437000-7f3b52438000 rw-p 0000b000 08:01 2757856                    /lib/x86_64-linux-gnu/libnss_files-2.23.so
7f3b52438000-7f3b5243e000 rw-p 00000000 00:00 0 
7f3b5243e000-7f3b52449000 r-xp 00000000 08:01 2757866                    /lib/x86_64-linux-gnu/libnss_nis-2.23.so
7f3b52449000-7f3b52648000 ---p 0000b000 08:01 2757866                    /lib/x86_64-linux-gnu/libnss_nis-2.23.so
7f3b52648000-7f3b52649000 r--p 0000a000 08:01 2757866                    /lib/x86_64-linux-gnu/libnss_nis-2.23.so
7f3b52649000-7f3b5264a000 rw-p 0000b000 08:01 2757866                    /lib/x86_64-linux-gnu/libnss_nis-2.23.so
7f3b5264a000-7f3b52660000 r-xp 00000000 08:01 2757850                    /lib/x86_64-linux-gnu/libnsl-2.23.so
7f3b52660000-7f3b5285f000 ---p 00016000 08:01 2757850                    /lib/x86_64-linux-gnu/libnsl-2.23.so
7f3b5285f000-7f3b52860000 r--p 00015000 08:01 2757850                    /lib/x86_64-linux-gnu/libnsl-2.23.so
7f3b52860000-7f3b52861000 rw-p 00016000 08:01 2757850                    /lib/x86_64-linux-gnu/libnsl-2.23.so
7f3b52861000-7f3b52863000 rw-p 00000000 00:00 0 
7f3b52863000-7f3b5286b000 r-xp 00000000 08:01 2757852                    /lib/x86_64-linux-gnu/libnss_compat-2.23.so
7f3b5286b000-7f3b52a6a000 ---p 00008000 08:01 2757852                    /lib/x86_64-linux-gnu/libnss_compat-2.23.so
7f3b52a6a000-7f3b52a6b000 r--p 00007000 08:01 2757852                    /lib/x86_64-linux-gnu/libnss_compat-2.23.so
7f3b52a6b000-7f3b52a6c000 rw-p 00008000 08:01 2757852                    /lib/x86_64-linux-gnu/libnss_compat-2.23.so
7f3b52a6c000-7f3b52a96000 r-xp 00000000 08:01 1324128                    /opt/java/jdk1.8.0_101/jre/lib/amd64/libjava.so
7f3b52a96000-7f3b52c96000 ---p 0002a000 08:01 1324128                    /opt/java/jdk1.8.0_101/jre/lib/amd64/libjava.so
7f3b52c96000-7f3b52c98000 rw-p 0002a000 08:01 1324128                    /opt/java/jdk1.8.0_101/jre/lib/amd64/libjava.so
7f3b52c98000-7f3b52ca5000 r-xp 00000000 08:01 1324084                    /opt/java/jdk1.8.0_101/jre/lib/amd64/libverify.so
7f3b52ca5000-7f3b52ea5000 ---p 0000d000 08:01 1324084                    /opt/java/jdk1.8.0_101/jre/lib/amd64/libverify.so
7f3b52ea5000-7f3b52ea7000 rw-p 0000d000 08:01 1324084                    /opt/java/jdk1.8.0_101/jre/lib/amd64/libverify.so
7f3b52ea7000-7f3b52eae000 r-xp 00000000 08:01 2757911                    /lib/x86_64-linux-gnu/librt-2.23.so
7f3b52eae000-7f3b530ad000 ---p 00007000 08:01 2757911                    /lib/x86_64-linux-gnu/librt-2.23.so
7f3b530ad000-7f3b530ae000 r--p 00006000 08:01 2757911                    /lib/x86_64-linux-gnu/librt-2.23.so
7f3b530ae000-7f3b530af000 rw-p 00007000 08:01 2757911                    /lib/x86_64-linux-gnu/librt-2.23.so
7f3b530af000-7f3b531b7000 r-xp 00000000 08:01 2757827                    /lib/x86_64-linux-gnu/libm-2.23.so
7f3b531b7000-7f3b533b6000 ---p 00108000 08:01 2757827                    /lib/x86_64-linux-gnu/libm-2.23.so
7f3b533b6000-7f3b533b7000 r--p 00107000 08:01 2757827                    /lib/x86_64-linux-gnu/libm-2.23.so
7f3b533b7000-7f3b533b8000 rw-p 00108000 08:01 2757827                    /lib/x86_64-linux-gnu/libm-2.23.so
7f3b533b8000-7f3b54083000 r-xp 00000000 08:01 1585825                    /opt/java/jdk1.8.0_101/jre/lib/amd64/server/libjvm.so
7f3b54083000-7f3b54282000 ---p 00ccb000 08:01 1585825                    /opt/java/jdk1.8.0_101/jre/lib/amd64/server/libjvm.so
7f3b54282000-7f3b5435b000 rw-p 00cca000 08:01 1585825                    /opt/java/jdk1.8.0_101/jre/lib/amd64/server/libjvm.so
7f3b5435b000-7f3b543a6000 rw-p 00000000 00:00 0 
7f3b543a6000-7f3b54566000 r-xp 00000000 08:01 2757757                    /lib/x86_64-linux-gnu/libc-2.23.so
7f3b54566000-7f3b54765000 ---p 001c0000 08:01 2757757                    /lib/x86_64-linux-gnu/libc-2.23.so
7f3b54765000-7f3b54769000 r--p 001bf000 08:01 2757757                    /lib/x86_64-linux-gnu/libc-2.23.so
7f3b54769000-7f3b5476b000 rw-p 001c3000 08:01 2757757                    /lib/x86_64-linux-gnu/libc-2.23.so
7f3b5476b000-7f3b5476f000 rw-p 00000000 00:00 0 
7f3b5476f000-7f3b54772000 r-xp 00000000 08:01 2757781                    /lib/x86_64-linux-gnu/libdl-2.23.so
7f3b54772000-7f3b54971000 ---p 00003000 08:01 2757781                    /lib/x86_64-linux-gnu/libdl-2.23.so
7f3b54971000-7f3b54972000 r--p 00002000 08:01 2757781                    /lib/x86_64-linux-gnu/libdl-2.23.so
7f3b54972000-7f3b54973000 rw-p 00003000 08:01 2757781                    /lib/x86_64-linux-gnu/libdl-2.23.so
7f3b54973000-7f3b54988000 r-xp 00000000 08:01 1323595                    /opt/java/jdk1.8.0_101/lib/amd64/jli/libjli.so
7f3b54988000-7f3b54b88000 ---p 00015000 08:01 1323595                    /opt/java/jdk1.8.0_101/lib/amd64/jli/libjli.so
7f3b54b88000-7f3b54b89000 rw-p 00015000 08:01 1323595                    /opt/java/jdk1.8.0_101/lib/amd64/jli/libjli.so
7f3b54b89000-7f3b54ba1000 r-xp 00000000 08:01 2757903                    /lib/x86_64-linux-gnu/libpthread-2.23.so
7f3b54ba1000-7f3b54da0000 ---p 00018000 08:01 2757903                    /lib/x86_64-linux-gnu/libpthread-2.23.so
7f3b54da0000-7f3b54da1000 r--p 00017000 08:01 2757903                    /lib/x86_64-linux-gnu/libpthread-2.23.so
7f3b54da1000-7f3b54da2000 rw-p 00018000 08:01 2757903                    /lib/x86_64-linux-gnu/libpthread-2.23.so
7f3b54da2000-7f3b54da6000 rw-p 00000000 00:00 0 
7f3b54da6000-7f3b54dcc000 r-xp 00000000 08:01 2757729                    /lib/x86_64-linux-gnu/ld-2.23.so
7f3b54dcc000-7f3b54dcd000 r--s 00000000 08:01 1195298                    /usr/softwares/android-studio/gradle/gradle-2.14.1/lib/jcip-annotations-1.0.jar
7f3b54dcd000-7f3b54dd2000 r--s 00038000 08:01 1195304                    /usr/softwares/android-studio/gradle/gradle-2.14.1/lib/asm-all-5.1.jar
7f3b54dd2000-7f3b54dd3000 r--s 00001000 08:01 1195319                    /usr/softwares/android-studio/gradle/gradle-2.14.1/lib/gradle-process-services-2.14.1.jar
7f3b54dd3000-7f3b54dd4000 r--s 00000000 08:01 1195281                    /usr/softwares/android-studio/gradle/gradle-2.14.1/lib/gradle-jvm-services-2.14.1.jar
7f3b54dd4000-7f3b54ea0000 rw-p 00000000 00:00 0 
7f3b54ea0000-7f3b54ea3000 ---p 00000000 00:00 0 
7f3b54ea3000-7f3b54fa5000 rw-p 00000000 00:00 0 
7f3b54fa5000-7f3b54faa000 r--s 00041000 08:01 1195306                    /usr/softwares/android-studio/gradle/gradle-2.14.1/lib/commons-lang-2.6.jar
7f3b54faa000-7f3b54fab000 r--s 00007000 08:01 1195291                    /usr/softwares/android-studio/gradle/gradle-2.14.1/lib/slf4j-api-1.7.10.jar
7f3b54fab000-7f3b54fac000 r--s 00004000 08:01 1195309                    /usr/softwares/android-studio/gradle/gradle-2.14.1/lib/ant-launcher-1.9.6.jar
7f3b54fac000-7f3b54fb4000 r--s 0003a000 08:01 1195305                    /usr/softwares/android-studio/gradle/gradle-2.14.1/lib/gradle-base-services-2.14.1.jar
7f3b54fb4000-7f3b54fbf000 r--s 00051000 08:01 1195301                    /usr/softwares/android-studio/gradle/gradle-2.14.1/lib/gradle-launcher-2.14.1.jar
7f3b54fbf000-7f3b54fc7000 rw-s 00000000 08:01 1051894                    /tmp/hsperfdata_voloide/5707
7f3b54fc7000-7f3b54fc8000 rw-p 00000000 00:00 0 
7f3b54fc8000-7f3b54fc9000 ---p 00000000 00:00 0 
7f3b54fc9000-7f3b54fcb000 rw-p 00000000 00:00 0 
7f3b54fcb000-7f3b54fcc000 r--p 00025000 08:01 2757729                    /lib/x86_64-linux-gnu/ld-2.23.so
7f3b54fcc000-7f3b54fcd000 rw-p 00026000 08:01 2757729                    /lib/x86_64-linux-gnu/ld-2.23.so
7f3b54fcd000-7f3b54fce000 rw-p 00000000 00:00 0 
7fffc5e47000-7fffc5e68000 rw-p 00000000 00:00 0                          [stack]
7fffc5f95000-7fffc5f97000 r--p 00000000 00:00 0                          [vvar]
7fffc5f97000-7fffc5f99000 r-xp 00000000 00:00 0                          [vdso]
ffffffffff600000-ffffffffff601000 r-xp 00000000 00:00 0                  [vsyscall]

VM Arguments:
jvm_args: -XX:MaxPermSize=512m -XX:+HeapDumpOnOutOfMemoryError -Xmx2048m -Dfile.encoding=UTF-8 -Duser.country=US -Duser.language=en -Duser.variant 
java_command: org.gradle.launcher.daemon.bootstrap.GradleDaemon 2.14.1
java_class_path (initial): /usr/softwares/android-studio/gradle/gradle-2.14.1/lib/gradle-launcher-2.14.1.jar
Launcher Type: SUN_STANDARD

Environment Variables:
PATH=/usr/local/sbin:/usr/local/bin:/usr/sbin:/usr/bin:/sbin:/bin:/usr/games:/usr/local/games:/opt/java/jdk1.7.0_25/bin:/opt/java/jdk1.7.0_25/bin
USERNAME=voloide
LD_LIBRARY_PATH=.:
SHELL=/bin/bash
DISPLAY=:0

Signal Handlers:
SIGSEGV: [libjvm.so+0xac4790], sa_mask[0]=11111111011111111101111111111110, sa_flags=SA_RESTART|SA_SIGINFO
SIGBUS: [libjvm.so+0xac4790], sa_mask[0]=11111111011111111101111111111110, sa_flags=SA_RESTART|SA_SIGINFO
SIGFPE: [libjvm.so+0x91f140], sa_mask[0]=11111111011111111101111111111110, sa_flags=SA_RESTART|SA_SIGINFO
SIGPIPE: [libjvm.so+0x91f140], sa_mask[0]=11111111011111111101111111111110, sa_flags=SA_RESTART|SA_SIGINFO
SIGXFSZ: [libjvm.so+0x91f140], sa_mask[0]=11111111011111111101111111111110, sa_flags=SA_RESTART|SA_SIGINFO
SIGILL: [libjvm.so+0x91f140], sa_mask[0]=11111111011111111101111111111110, sa_flags=SA_RESTART|SA_SIGINFO
SIGUSR1: SIG_DFL, sa_mask[0]=00000000000000000000000000000000, sa_flags=none
SIGUSR2: [libjvm.so+0x920770], sa_mask[0]=00100000000000000000000000000000, sa_flags=SA_RESTART|SA_SIGINFO
SIGHUP: [libjvm.so+0x921b70], sa_mask[0]=11111111011111111101111111111110, sa_flags=SA_RESTART|SA_SIGINFO
SIGINT: [libjvm.so+0x921b70], sa_mask[0]=11111111011111111101111111111110, sa_flags=SA_RESTART|SA_SIGINFO
SIGTERM: [libjvm.so+0x921b70], sa_mask[0]=11111111011111111101111111111110, sa_flags=SA_RESTART|SA_SIGINFO
SIGQUIT: [libjvm.so+0x921b70], sa_mask[0]=11111111011111111101111111111110, sa_flags=SA_RESTART|SA_SIGINFO


---------------  S Y S T E M  ---------------

OS:DISTRIB_ID=LinuxMint
DISTRIB_RELEASE=18
DISTRIB_CODENAME=sarah
DISTRIB_DESCRIPTION="Linux Mint 18 Sarah"

uname:Linux 4.4.0-21-generic #37-Ubuntu SMP Mon Apr 18 18:33:37 UTC 2016 x86_64
libc:glibc 2.23 NPTL 2.23 
rlimit: STACK 8192k, CORE 0k, NPROC 13628, NOFILE 65536, AS infinity
load average:5.93 3.91 3.03

/proc/meminfo:
MemTotal:        3530124 kB
MemFree:           27752 kB
MemAvailable:      50268 kB
Buffers:            1180 kB
Cached:            23588 kB
SwapCached:        56292 kB
Active:          2847712 kB
Inactive:         541652 kB
Active(anon):    2838084 kB
Inactive(anon):   529424 kB
Active(file):       9628 kB
Inactive(file):    12228 kB
Unevictable:         180 kB
Mlocked:             180 kB
SwapTotal:       1497084 kB
SwapFree:            136 kB
Dirty:                52 kB
Writeback:             0 kB
AnonPages:       3308760 kB
Mapped:            15028 kB
Shmem:              2768 kB
Slab:              50780 kB
SReclaimable:      28524 kB
SUnreclaim:        22256 kB
KernelStack:        8304 kB
PageTables:        28292 kB
NFS_Unstable:          0 kB
Bounce:                0 kB
WritebackTmp:          0 kB
CommitLimit:     3262144 kB
Committed_AS:    7018912 kB
VmallocTotal:   34359738367 kB
VmallocUsed:           0 kB
VmallocChunk:          0 kB
HardwareCorrupted:     0 kB
AnonHugePages:   1347584 kB
CmaTotal:              0 kB
CmaFree:               0 kB
HugePages_Total:       0
HugePages_Free:        0
HugePages_Rsvd:        0
HugePages_Surp:        0
Hugepagesize:       2048 kB
DirectMap4k:       76736 kB
DirectMap2M:     3526656 kB


CPU:total 2 (2 cores per cpu, 1 threads per core) family 6 model 58 stepping 9, cmov, cx8, fxsr, mmx, sse, sse2, sse3, ssse3, sse4.1, sse4.2, popcnt, avx, aes, clmul, tsc, tscinvbit, tscinv

/proc/cpuinfo:
processor	: 0
vendor_id	: GenuineIntel
cpu family	: 6
model		: 58
model name	: Intel(R) Core(TM) i5-3210M CPU @ 2.50GHz
stepping	: 9
microcode	: 0x19
cpu MHz		: 2494.338
cache size	: 3072 KB
physical id	: 0
siblings	: 2
core id		: 0
cpu cores	: 2
apicid		: 0
initial apicid	: 0
fpu		: yes
fpu_exception	: yes
cpuid level	: 13
wp		: yes
flags		: fpu vme de pse tsc msr pae mce cx8 apic sep mtrr pge mca cmov pat pse36 clflush mmx fxsr sse sse2 ht syscall nx rdtscp lm constant_tsc rep_good nopl xtopology nonstop_tsc pni pclmulqdq ssse3 cx16 sse4_1 sse4_2 x2apic popcnt aes xsave avx rdrand hypervisor lahf_lm
bugs		:
bogomips	: 4988.67
clflush size	: 64
cache_alignment	: 64
address sizes	: 36 bits physical, 48 bits virtual
power management:

processor	: 1
vendor_id	: GenuineIntel
cpu family	: 6
model		: 58
model name	: Intel(R) Core(TM) i5-3210M CPU @ 2.50GHz
stepping	: 9
microcode	: 0x19
cpu MHz		: 2494.338
cache size	: 3072 KB
physical id	: 0
siblings	: 2
core id		: 1
cpu cores	: 2
apicid		: 1
initial apicid	: 1
fpu		: yes
fpu_exception	: yes
cpuid level	: 13
wp		: yes
flags		: fpu vme de pse tsc msr pae mce cx8 apic sep mtrr pge mca cmov pat pse36 clflush mmx fxsr sse sse2 ht syscall nx rdtscp lm constant_tsc rep_good nopl xtopology nonstop_tsc pni pclmulqdq ssse3 cx16 sse4_1 sse4_2 x2apic popcnt aes xsave avx rdrand hypervisor lahf_lm
bugs		:
bogomips	: 4988.67
clflush size	: 64
cache_alignment	: 64
address sizes	: 36 bits physical, 48 bits virtual
power management:



Memory: 4k page, physical 3530124k(27752k free), swap 1497084k(136k free)

vm_info: Java HotSpot(TM) 64-Bit Server VM (25.101-b13) for linux-amd64 JRE (1.8.0_101-b13), built on Jun 22 2016 02:59:44 by "java_re" with gcc 4.3.0 20080428 (Red Hat 4.3.0-8)

time: Wed Oct 19 08:53:27 2016
elapsed time: 179 seconds (0d 0h 2m 59s)

