#
# There is insufficient memory for the Java Runtime Environment to continue.
# Native memory allocation (mmap) failed to map 100139008 bytes for committing reserved memory.
# Possible reasons:
#   The system is out of physical RAM or swap space
#   In 32 bit mode, the process size limit was hit
# Possible solutions:
#   Reduce memory load on the system
#   Increase physical memory or swap space
#   Check if swap backing store is full
#   Use 64 bit Java on a 64 bit OS
#   Decrease Java heap size (-Xmx/-Xms)
#   Decrease number of Java threads
#   Decrease Java thread stack sizes (-Xss)
#   Set larger code cache with -XX:ReservedCodeCacheSize=
# This output file may be truncated or incomplete.
#
#  Out of Memory Error (os_linux.cpp:2627), pid=11381, tid=0x00007f37c4cab700
#
# JRE version: Java(TM) SE Runtime Environment (8.0_101-b13) (build 1.8.0_101-b13)
# Java VM: Java HotSpot(TM) 64-Bit Server VM (25.101-b13 mixed mode linux-amd64 compressed oops)
# Failed to write core dump. Core dumps have been disabled. To enable core dumping, try "ulimit -c unlimited" before starting Java again
#

---------------  T H R E A D  ---------------

Current thread (0x00007f37d8074000):  VMThread [stack: 0x00007f37c4bab000,0x00007f37c4cac000] [id=11388]

Stack: [0x00007f37c4bab000,0x00007f37c4cac000],  sp=0x00007f37c4caa020,  free space=1020k
Native frames: (J=compiled Java code, j=interpreted, Vv=VM code, C=native code)
V  [libjvm.so+0xac3f0a]  VMError::report_and_die()+0x2ba
V  [libjvm.so+0x4fbf9b]  report_vm_out_of_memory(char const*, int, unsigned long, VMErrorType, char const*)+0x8b
V  [libjvm.so+0x9222d3]  os::Linux::commit_memory_impl(char*, unsigned long, bool)+0x103
V  [libjvm.so+0x922829]  os::pd_commit_memory(char*, unsigned long, unsigned long, bool)+0x29
V  [libjvm.so+0x91cb2a]  os::commit_memory(char*, unsigned long, unsigned long, bool)+0x2a
V  [libjvm.so+0x991053]  PSVirtualSpace::expand_by(unsigned long)+0x53
V  [libjvm.so+0x981920]  PSOldGen::expand(unsigned long)+0x170
V  [libjvm.so+0x981b2b]  PSOldGen::resize(unsigned long)+0x1cb
V  [libjvm.so+0x989821]  PSParallelCompact::invoke_no_policy(bool)+0x991
V  [libjvm.so+0x98f17d]  PSScavenge::invoke()+0x1ad
V  [libjvm.so+0x945fc0]  ParallelScavengeHeap::failed_mem_allocate(unsigned long)+0x70
V  [libjvm.so+0xac5927]  VM_ParallelGCFailedAllocation::doit()+0x97
V  [libjvm.so+0xacd405]  VM_Operation::evaluate()+0x55
V  [libjvm.so+0xacb7da]  VMThread::evaluate_operation(VM_Operation*)+0xba
V  [libjvm.so+0xacbb5e]  VMThread::loop()+0x1ce
V  [libjvm.so+0xacbfd0]  VMThread::run()+0x70
V  [libjvm.so+0x924698]  java_start(Thread*)+0x108

VM_Operation (0x00007f37c41b8d20): ParallelGCFailedAllocation, mode: safepoint, requested by thread 0x00007f37d8141800


---------------  P R O C E S S  ---------------

Java Threads: ( => current thread )
  0x00007f37d814b000 JavaThread "pool-2-thread-4" [_thread_blocked, id=11400, stack(0x00007f3797bfc000,0x00007f3797cfd000)]
  0x00007f37d8146800 JavaThread "pool-2-thread-3" [_thread_blocked, id=11399, stack(0x00007f3797cfd000,0x00007f3797dfe000)]
  0x00007f37d8145000 JavaThread "pool-2-thread-2" [_thread_blocked, id=11398, stack(0x00007f3797dfe000,0x00007f3797eff000)]
  0x00007f37d8144000 JavaThread "pool-3-thread-1" [_thread_blocked, id=11397, stack(0x00007f3797eff000,0x00007f3798000000)]
  0x00007f37d8141800 JavaThread "pool-2-thread-1" [_thread_blocked, id=11396, stack(0x00007f37c40ba000,0x00007f37c41bb000)]
  0x00007f37d80ba000 JavaThread "Service Thread" daemon [_thread_blocked, id=11394, stack(0x00007f37c42cd000,0x00007f37c43ce000)]
  0x00007f37d80b7000 JavaThread "C1 CompilerThread1" daemon [_thread_blocked, id=11393, stack(0x00007f37c43ce000,0x00007f37c44cf000)]
  0x00007f37d80b4000 JavaThread "C2 CompilerThread0" daemon [_thread_blocked, id=11392, stack(0x00007f37c44cf000,0x00007f37c45d0000)]
  0x00007f37d80b3000 JavaThread "Signal Dispatcher" daemon [_thread_blocked, id=11391, stack(0x00007f37c45d0000,0x00007f37c46d1000)]
  0x00007f37d8080000 JavaThread "Finalizer" daemon [_thread_blocked, id=11390, stack(0x00007f37c49a9000,0x00007f37c4aaa000)]
  0x00007f37d807b800 JavaThread "Reference Handler" daemon [_thread_blocked, id=11389, stack(0x00007f37c4aaa000,0x00007f37c4bab000)]
  0x00007f37d800a000 JavaThread "main" [_thread_blocked, id=11383, stack(0x00007f37dea1f000,0x00007f37deb20000)]

Other Threads:
=>0x00007f37d8074000 VMThread [stack: 0x00007f37c4bab000,0x00007f37c4cac000] [id=11388]
  0x00007f37d80bd000 WatcherThread [stack: 0x00007f37c41cc000,0x00007f37c42cd000] [id=11395]

VM state:at safepoint (normal execution)

VM Mutex/Monitor currently owned by a thread:  ([mutex/lock_event])
[0x00007f37d8005e70] ExpandHeap_lock - owner thread: 0x00007f37d8074000
[0x00007f37d80064f0] Threads_lock - owner thread: 0x00007f37d8074000
[0x00007f37d80069f0] Heap_lock - owner thread: 0x00007f37d8141800

Heap:
 PSYoungGen      total 244736K, used 12908K [0x00000000eab00000, 0x0000000100000000, 0x0000000100000000)
  eden space 140288K, 0% used [0x00000000eab00000,0x00000000eab00000,0x00000000f3400000)
  from space 104448K, 12% used [0x00000000f3400000,0x00000000f409b020,0x00000000f9a00000)
  to   space 100352K, 0% used [0x00000000f9e00000,0x00000000f9e00000,0x0000000100000000)
 ParOldGen       total 245760K, used 245409K [0x00000000c0000000, 0x00000000cf000000, 0x00000000eab00000)
  object space 245760K, 99% used [0x00000000c0000000,0x00000000cefa8510,0x00000000cf000000)
 Metaspace       used 6399K, capacity 7192K, committed 7424K, reserved 1056768K
  class space    used 610K, capacity 656K, committed 768K, reserved 1048576K

Card table byte_map: [0x00007f37c8406000,0x00007f37c8607000] byte_map_base: 0x00007f37c7e06000

Marking Bits: (ParMarkBitMap*) 0x00007f37ddef8120
 Begin Bits: [0x00007f37c6204000, 0x00007f37c7204000)
 End Bits:   [0x00007f37c7204000, 0x00007f37c8204000)

Polling page: 0x00007f37deb47000

CodeCache: size=245760Kb used=8107Kb max_used=8146Kb free=237652Kb
 bounds [0x00007f37c89c7000, 0x00007f37c91c7000, 0x00007f37d79c7000]
 total_blobs=2288 nmethods=2021 adapters=181
 compilation: enabled

Compilation events (10 events):
Event: 38.069 Thread 0x00007f37d80b7000 2259   !   2       com.android.dx.command.dexer.Main::processFileBytes (265 bytes)
Event: 38.079 Thread 0x00007f37d80b7000 nmethod 2259 0x00007f37c919c5d0 code [0x00007f37c919c8a0, 0x00007f37c919db18]
Event: 45.025 Thread 0x00007f37d80b4000 nmethod 2117 0x00007f37c91aac50 code [0x00007f37c91ab5c0, 0x00007f37c91b4818]
Event: 45.025 Thread 0x00007f37d80b4000 2255   !   4       com.android.dx.cf.code.BytecodeArray::parseInstruction (2764 bytes)
Event: 45.297 Thread 0x00007f37d80b7000 2262       2       com.android.dx.dex.file.AnnotationsDirectoryItem::addFieldAnnotations (44 bytes)
Event: 45.298 Thread 0x00007f37d80b7000 nmethod 2262 0x00007f37c91859d0 code [0x00007f37c9185b80, 0x00007f37c9185fc8]
Event: 45.603 Thread 0x00007f37d80b7000 2265 %     3       com.android.dx.ssa.back.SsaToRop::moveParametersToHighRegisters @ 34 (88 bytes)
Event: 45.604 Thread 0x00007f37d80b7000 nmethod 2265% 0x00007f37c91a9cd0 code [0x00007f37c91a9ec0, 0x00007f37c91aa878]
Event: 45.605 Thread 0x00007f37d80b7000 2266       3       com.android.dx.ssa.back.SsaToRop::moveParametersToHighRegisters (88 bytes)
Event: 45.605 Thread 0x00007f37d80b7000 nmethod 2266 0x00007f37c91a8ed0 code [0x00007f37c91a90a0, 0x00007f37c91a9978]

GC Heap History (10 events):
Event: 35.336 GC heap after
Heap after GC invocations=19 (full 5):
 PSYoungGen      total 272896K, used 43555K [0x00000000eab00000, 0x0000000100000000, 0x0000000100000000)
  eden space 200704K, 0% used [0x00000000eab00000,0x00000000eab00000,0x00000000f6f00000)
  from space 72192K, 60% used [0x00000000fb980000,0x00000000fe408e80,0x0000000100000000)
  to   space 74240K, 0% used [0x00000000f6f00000,0x00000000f6f00000,0x00000000fb780000)
 ParOldGen       total 276480K, used 207317K [0x00000000c0000000, 0x00000000d0e00000, 0x00000000eab00000)
  object space 276480K, 74% used [0x00000000c0000000,0x00000000cca757a0,0x00000000d0e00000)
 Metaspace       used 6381K, capacity 7192K, committed 7424K, reserved 1056768K
  class space    used 610K, capacity 656K, committed 768K, reserved 1048576K
}
Event: 40.363 GC heap before
{Heap before GC invocations=20 (full 5):
 PSYoungGen      total 272896K, used 244259K [0x00000000eab00000, 0x0000000100000000, 0x0000000100000000)
  eden space 200704K, 100% used [0x00000000eab00000,0x00000000f6f00000,0x00000000f6f00000)
  from space 72192K, 60% used [0x00000000fb980000,0x00000000fe408e80,0x0000000100000000)
  to   space 74240K, 0% used [0x00000000f6f00000,0x00000000f6f00000,0x00000000fb780000)
 ParOldGen       total 276480K, used 207317K [0x00000000c0000000, 0x00000000d0e00000, 0x00000000eab00000)
  object space 276480K, 74% used [0x00000000c0000000,0x00000000cca757a0,0x00000000d0e00000)
 Metaspace       used 6399K, capacity 7192K, committed 7424K, reserved 1056768K
  class space    used 610K, capacity 656K, committed 768K, reserved 1048576K
Event: 43.292 GC heap after
Heap after GC invocations=20 (full 5):
 PSYoungGen      total 273408K, used 72468K [0x00000000eab00000, 0x0000000100000000, 0x0000000100000000)
  eden space 200704K, 0% used [0x00000000eab00000,0x00000000eab00000,0x00000000f6f00000)
  from space 72704K, 99% used [0x00000000f6f00000,0x00000000fb5c50e8,0x00000000fb600000)
  to   space 75776K, 0% used [0x00000000fb600000,0x00000000fb600000,0x0000000100000000)
 ParOldGen       total 276480K, used 245124K [0x00000000c0000000, 0x00000000d0e00000, 0x00000000eab00000)
  object space 276480K, 88% used [0x00000000c0000000,0x00000000cef61138,0x00000000d0e00000)
 Metaspace       used 6399K, capacity 7192K, committed 7424K, reserved 1056768K
  class space    used 610K, capacity 656K, committed 768K, reserved 1048576K
}
Event: 43.292 GC heap before
{Heap before GC invocations=21 (full 6):
 PSYoungGen      total 273408K, used 72468K [0x00000000eab00000, 0x0000000100000000, 0x0000000100000000)
  eden space 200704K, 0% used [0x00000000eab00000,0x00000000eab00000,0x00000000f6f00000)
  from space 72704K, 99% used [0x00000000f6f00000,0x00000000fb5c50e8,0x00000000fb600000)
  to   space 75776K, 0% used [0x00000000fb600000,0x00000000fb600000,0x0000000100000000)
 ParOldGen       total 276480K, used 245124K [0x00000000c0000000, 0x00000000d0e00000, 0x00000000eab00000)
  object space 276480K, 88% used [0x00000000c0000000,0x00000000cef61138,0x00000000d0e00000)
 Metaspace       used 6399K, capacity 7192K, committed 7424K, reserved 1056768K
  class space    used 610K, capacity 656K, committed 768K, reserved 1048576K
Event: 44.070 GC heap after
Heap after GC invocations=21 (full 6):
 PSYoungGen      total 273408K, used 0K [0x00000000eab00000, 0x0000000100000000, 0x0000000100000000)
  eden space 200704K, 0% used [0x00000000eab00000,0x00000000eab00000,0x00000000f6f00000)
  from space 72704K, 0% used [0x00000000f6f00000,0x00000000f6f00000,0x00000000fb600000)
  to   space 75776K, 0% used [0x00000000fb600000,0x00000000fb600000,0x0000000100000000)
 ParOldGen       total 226304K, used 148970K [0x00000000c0000000, 0x00000000cdd00000, 0x00000000eab00000)
  object space 226304K, 65% used [0x00000000c0000000,0x00000000c917aa00,0x00000000cdd00000)
 Metaspace       used 6399K, capacity 7192K, committed 7424K, reserved 1056768K
  class space    used 610K, capacity 656K, committed 768K, reserved 1048576K
}
Event: 44.169 GC heap before
{Heap before GC invocations=22 (full 6):
 PSYoungGen      total 273408K, used 200704K [0x00000000eab00000, 0x0000000100000000, 0x0000000100000000)
  eden space 200704K, 100% used [0x00000000eab00000,0x00000000f6f00000,0x00000000f6f00000)
  from space 72704K, 0% used [0x00000000f6f00000,0x00000000f6f00000,0x00000000fb600000)
  to   space 75776K, 0% used [0x00000000fb600000,0x00000000fb600000,0x0000000100000000)
 ParOldGen       total 226304K, used 148970K [0x00000000c0000000, 0x00000000cdd00000, 0x00000000eab00000)
  object space 226304K, 65% used [0x00000000c0000000,0x00000000c917aa00,0x00000000cdd00000)
 Metaspace       used 6399K, capacity 7192K, committed 7424K, reserved 1056768K
  class space    used 610K, capacity 656K, committed 768K, reserved 1048576K
Event: 44.970 GC heap after
Heap after GC invocations=22 (full 6):
 PSYoungGen      total 216064K, used 75766K [0x00000000eab00000, 0x0000000100000000, 0x0000000100000000)
  eden space 140288K, 0% used [0x00000000eab00000,0x00000000eab00000,0x00000000f3400000)
  from space 75776K, 99% used [0x00000000fb600000,0x00000000ffffd800,0x0000000100000000)
  to   space 104448K, 0% used [0x00000000f3400000,0x00000000f3400000,0x00000000f9a00000)
 ParOldGen       total 226304K, used 167288K [0x00000000c0000000, 0x00000000cdd00000, 0x00000000eab00000)
  object space 226304K, 73% used [0x00000000c0000000,0x00000000ca35e200,0x00000000cdd00000)
 Metaspace       used 6399K, capacity 7192K, committed 7424K, reserved 1056768K
  class space    used 610K, capacity 656K, committed 768K, reserved 1048576K
}
Event: 45.623 GC heap before
{Heap before GC invocations=23 (full 6):
 PSYoungGen      total 216064K, used 216054K [0x00000000eab00000, 0x0000000100000000, 0x0000000100000000)
  eden space 140288K, 100% used [0x00000000eab00000,0x00000000f3400000,0x00000000f3400000)
  from space 75776K, 99% used [0x00000000fb600000,0x00000000ffffd800,0x0000000100000000)
  to   space 104448K, 0% used [0x00000000f3400000,0x00000000f3400000,0x00000000f9a00000)
 ParOldGen       total 226304K, used 167288K [0x00000000c0000000, 0x00000000cdd00000, 0x00000000eab00000)
  object space 226304K, 73% used [0x00000000c0000000,0x00000000ca35e200,0x00000000cdd00000)
 Metaspace       used 6399K, capacity 7192K, committed 7424K, reserved 1056768K
  class space    used 610K, capacity 656K, committed 768K, reserved 1048576K
Event: 45.721 GC heap after
Heap after GC invocations=23 (full 6):
 PSYoungGen      total 244736K, used 21332K [0x00000000eab00000, 0x0000000100000000, 0x0000000100000000)
  eden space 140288K, 0% used [0x00000000eab00000,0x00000000eab00000,0x00000000f3400000)
  from space 104448K, 20% used [0x00000000f3400000,0x00000000f48d52a8,0x00000000f9a00000)
  to   space 100352K, 0% used [0x00000000f9e00000,0x00000000f9e00000,0x0000000100000000)
 ParOldGen       total 245760K, used 245360K [0x00000000c0000000, 0x00000000cf000000, 0x00000000eab00000)
  object space 245760K, 99% used [0x00000000c0000000,0x00000000cef9c200,0x00000000cf000000)
 Metaspace       used 6399K, capacity 7192K, committed 7424K, reserved 1056768K
  class space    used 610K, capacity 656K, committed 768K, reserved 1048576K
}
Event: 45.721 GC heap before
{Heap before GC invocations=24 (full 7):
 PSYoungGen      total 244736K, used 21332K [0x00000000eab00000, 0x0000000100000000, 0x0000000100000000)
  eden space 140288K, 0% used [0x00000000eab00000,0x00000000eab00000,0x00000000f3400000)
  from space 104448K, 20% used [0x00000000f3400000,0x00000000f48d52a8,0x00000000f9a00000)
  to   space 100352K, 0% used [0x00000000f9e00000,0x00000000f9e00000,0x0000000100000000)
 ParOldGen       total 245760K, used 245360K [0x00000000c0000000, 0x00000000cf000000, 0x00000000eab00000)
  object space 245760K, 99% used [0x00000000c0000000,0x00000000cef9c200,0x00000000cf000000)
 Metaspace       used 6399K, capacity 7192K, committed 7424K, reserved 1056768K
  class space    used 610K, capacity 656K, committed 768K, reserved 1048576K

Deoptimization events (10 events):
Event: 35.576 Thread 0x00007f37d800a000 Uncommon trap: reason=bimorphic action=maybe_recompile pc=0x00007f37c90047c8 method=com.android.dx.cf.code.BytecodeArray.parseInstruction(ILcom/android/dx/cf/code/BytecodeArray$Visitor;)I @ 1357
Event: 35.576 Thread 0x00007f37d800a000 Uncommon trap: reason=bimorphic action=maybe_recompile pc=0x00007f37c90047c8 method=com.android.dx.cf.code.BytecodeArray.parseInstruction(ILcom/android/dx/cf/code/BytecodeArray$Visitor;)I @ 1357
Event: 37.804 Thread 0x00007f37d800a000 Uncommon trap: reason=class_check action=maybe_recompile pc=0x00007f37c918d97c method=com.android.dx.cf.code.BytecodeArray.parseInstruction(ILcom/android/dx/cf/code/BytecodeArray$Visitor;)I @ 2002
Event: 37.804 Thread 0x00007f37d800a000 Uncommon trap: reason=class_check action=maybe_recompile pc=0x00007f37c918d97c method=com.android.dx.cf.code.BytecodeArray.parseInstruction(ILcom/android/dx/cf/code/BytecodeArray$Visitor;)I @ 2002
Event: 37.805 Thread 0x00007f37d800a000 Uncommon trap: reason=class_check action=maybe_recompile pc=0x00007f37c918d97c method=com.android.dx.cf.code.BytecodeArray.parseInstruction(ILcom/android/dx/cf/code/BytecodeArray$Visitor;)I @ 2002
Event: 37.805 Thread 0x00007f37d800a000 Uncommon trap: reason=class_check action=maybe_recompile pc=0x00007f37c918d97c method=com.android.dx.cf.code.BytecodeArray.parseInstruction(ILcom/android/dx/cf/code/BytecodeArray$Visitor;)I @ 2002
Event: 45.253 Thread 0x00007f37d814b000 Uncommon trap: reason=class_check action=maybe_recompile pc=0x00007f37c914b138 method=com.android.dx.ssa.SsaBasicBlock.addLiveOut(I)V @ 26
Event: 45.253 Thread 0x00007f37d814b000 Uncommon trap: reason=class_check action=maybe_recompile pc=0x00007f37c914b138 method=com.android.dx.ssa.SsaBasicBlock.addLiveOut(I)V @ 26
Event: 45.253 Thread 0x00007f37d814b000 Uncommon trap: reason=class_check action=maybe_recompile pc=0x00007f37c914b138 method=com.android.dx.ssa.SsaBasicBlock.addLiveOut(I)V @ 26
Event: 45.253 Thread 0x00007f37d814b000 Uncommon trap: reason=class_check action=maybe_recompile pc=0x00007f37c914b138 method=com.android.dx.ssa.SsaBasicBlock.addLiveOut(I)V @ 26

Internal exceptions (5 events):
Event: 0.187 Thread 0x00007f37d800a000 Exception <a 'java/lang/NoSuchMethodError': Method sun.misc.Unsafe.defineClass(Ljava/lang/String;[BII)Ljava/lang/Class; name or signature does not match> (0x00000000eab07cc0) thrown at [/HUDSON3/workspace/8-2-build-linux-amd64/jdk8u101/7261/hotspot/src/sh
Event: 0.187 Thread 0x00007f37d800a000 Exception <a 'java/lang/NoSuchMethodError': Method sun.misc.Unsafe.prefetchRead(Ljava/lang/Object;J)V name or signature does not match> (0x00000000eab07fa8) thrown at [/HUDSON3/workspace/8-2-build-linux-amd64/jdk8u101/7261/hotspot/src/share/vm/prims/jni.c
Event: 9.773 Thread 0x00007f37d8146800 Exception <a 'java/lang/ArrayIndexOutOfBoundsException': 18> (0x00000000ec8109c8) thrown at [/HUDSON3/workspace/8-2-build-linux-amd64/jdk8u101/7261/hotspot/src/share/vm/interpreter/interpreterRuntime.cpp, line 366]
Event: 9.773 Thread 0x00007f37d8146800 Exception <a 'java/lang/ArrayIndexOutOfBoundsException': 145> (0x00000000ec812548) thrown at [/HUDSON3/workspace/8-2-build-linux-amd64/jdk8u101/7261/hotspot/src/share/vm/interpreter/interpreterRuntime.cpp, line 366]
Event: 9.774 Thread 0x00007f37d8146800 Exception <a 'java/lang/ArrayIndexOutOfBoundsException': 40> (0x00000000ec813830) thrown at [/HUDSON3/workspace/8-2-build-linux-amd64/jdk8u101/7261/hotspot/src/share/vm/interpreter/interpreterRuntime.cpp, line 366]

Events (10 events):
Event: 45.253 Thread 0x00007f37d814b000 DEOPT UNPACKING pc=0x00007f37c89cc229 sp=0x00007f3797cfaef8 mode 2
Event: 45.253 Thread 0x00007f37d814b000 Uncommon trap: trap_request=0xffffffde fr.pc=0x00007f37c914b138
Event: 45.253 Thread 0x00007f37d814b000 DEOPT PACKING pc=0x00007f37c914b138 sp=0x00007f3797cfaf60
Event: 45.253 Thread 0x00007f37d814b000 DEOPT UNPACKING pc=0x00007f37c89cc229 sp=0x00007f3797cfaef8 mode 2
Event: 45.253 Thread 0x00007f37d814b000 Uncommon trap: trap_request=0xffffffde fr.pc=0x00007f37c914b138
Event: 45.253 Thread 0x00007f37d814b000 DEOPT PACKING pc=0x00007f37c914b138 sp=0x00007f3797cfaf60
Event: 45.253 Thread 0x00007f37d814b000 DEOPT UNPACKING pc=0x00007f37c89cc229 sp=0x00007f3797cfaef8 mode 2
Event: 45.606 Thread 0x00007f37d800a000 DEOPT PACKING pc=0x00007f37c8f39988 sp=0x00007f37deb1d850
Event: 45.606 Thread 0x00007f37d800a000 DEOPT UNPACKING pc=0x00007f37c8a0e633 sp=0x00007f37deb1d5e8 mode 0
Event: 45.621 Executing VM operation: ParallelGCFailedAllocation


Dynamic libraries:
00400000-00401000 r-xp 00000000 08:01 1324050                            /opt/java/jdk1.8.0_101/bin/java
00600000-00601000 rw-p 00000000 08:01 1324050                            /opt/java/jdk1.8.0_101/bin/java
01c5a000-01c9c000 rw-p 00000000 00:00 0                                  [heap]
c0000000-cf000000 rw-p 00000000 00:00 0 
d4f80000-eab00000 ---p 00000000 00:00 0 
eab00000-100000000 rw-p 00000000 00:00 0 
100000000-1000c0000 rw-p 00000000 00:00 0 
1000c0000-140000000 ---p 00000000 00:00 0 
7f3788000000-7f378802c000 rw-p 00000000 00:00 0 
7f378802c000-7f378c000000 ---p 00000000 00:00 0 
7f378c000000-7f378c026000 rw-p 00000000 00:00 0 
7f378c026000-7f3790000000 ---p 00000000 00:00 0 
7f3790000000-7f3790021000 rw-p 00000000 00:00 0 
7f3790021000-7f3794000000 ---p 00000000 00:00 0 
7f3797bfc000-7f3797bff000 ---p 00000000 00:00 0 
7f3797bff000-7f3797cfd000 rw-p 00000000 00:00 0 
7f3797cfd000-7f3797d00000 ---p 00000000 00:00 0 
7f3797d00000-7f3797dfe000 rw-p 00000000 00:00 0 
7f3797dfe000-7f3797e01000 ---p 00000000 00:00 0 
7f3797e01000-7f3797eff000 rw-p 00000000 00:00 0 
7f3797eff000-7f3797f02000 ---p 00000000 00:00 0 
7f3797f02000-7f3798000000 rw-p 00000000 00:00 0 
7f3798000000-7f3798021000 rw-p 00000000 00:00 0 
7f3798021000-7f379c000000 ---p 00000000 00:00 0 
7f379c000000-7f379c032000 rw-p 00000000 00:00 0 
7f379c032000-7f37a0000000 ---p 00000000 00:00 0 
7f37a0000000-7f37a0942000 rw-p 00000000 00:00 0 
7f37a0942000-7f37a4000000 ---p 00000000 00:00 0 
7f37a4000000-7f37a4021000 rw-p 00000000 00:00 0 
7f37a4021000-7f37a8000000 ---p 00000000 00:00 0 
7f37a8000000-7f37a8021000 rw-p 00000000 00:00 0 
7f37a8021000-7f37ac000000 ---p 00000000 00:00 0 
7f37ac000000-7f37ad81d000 rw-p 00000000 00:00 0 
7f37ad81d000-7f37b0000000 ---p 00000000 00:00 0 
7f37b0000000-7f37b0021000 rw-p 00000000 00:00 0 
7f37b0021000-7f37b4000000 ---p 00000000 00:00 0 
7f37b4000000-7f37b4021000 rw-p 00000000 00:00 0 
7f37b4021000-7f37b8000000 ---p 00000000 00:00 0 
7f37b8000000-7f37b8021000 rw-p 00000000 00:00 0 
7f37b8021000-7f37bc000000 ---p 00000000 00:00 0 
7f37bc000000-7f37bc2a0000 rw-p 00000000 00:00 0 
7f37bc2a0000-7f37c0000000 ---p 00000000 00:00 0 
7f37c0000000-7f37c0021000 rw-p 00000000 00:00 0 
7f37c0021000-7f37c4000000 ---p 00000000 00:00 0 
7f37c40ba000-7f37c40bd000 ---p 00000000 00:00 0 
7f37c40bd000-7f37c41bb000 rw-p 00000000 00:00 0 
7f37c41bb000-7f37c41cc000 r--s 000bc000 08:01 18985                      /home/voloide/AndroidStudioProjects/VehicleTracking/app/build/intermediates/exploded-aar/com.google.android.gms/play-services-ads/9.4.0/jars/classes.jar
7f37c41cc000-7f37c41cd000 ---p 00000000 00:00 0 
7f37c41cd000-7f37c42cd000 rw-p 00000000 00:00 0 
7f37c42cd000-7f37c42d0000 ---p 00000000 00:00 0 
7f37c42d0000-7f37c43ce000 rw-p 00000000 00:00 0 
7f37c43ce000-7f37c43d1000 ---p 00000000 00:00 0 
7f37c43d1000-7f37c44cf000 rw-p 00000000 00:00 0 
7f37c44cf000-7f37c44d2000 ---p 00000000 00:00 0 
7f37c44d2000-7f37c45d0000 rw-p 00000000 00:00 0 
7f37c45d0000-7f37c45d3000 ---p 00000000 00:00 0 
7f37c45d3000-7f37c46d1000 rw-p 00000000 00:00 0 
7f37c46d1000-7f37c49a9000 r--p 00000000 08:01 1187670                    /usr/lib/locale/locale-archive
7f37c49a9000-7f37c49ac000 ---p 00000000 00:00 0 
7f37c49ac000-7f37c4aaa000 rw-p 00000000 00:00 0 
7f37c4aaa000-7f37c4aad000 ---p 00000000 00:00 0 
7f37c4aad000-7f37c4bab000 rw-p 00000000 00:00 0 
7f37c4bab000-7f37c4bac000 ---p 00000000 00:00 0 
7f37c4bac000-7f37c55b5000 rw-p 00000000 00:00 0 
7f37c55b5000-7f37c578e000 r--s 03d29000 08:01 1324075                    /opt/java/jdk1.8.0_101/jre/lib/rt.jar
7f37c578e000-7f37c5e84000 rw-p 00000000 00:00 0 
7f37c5e84000-7f37c6004000 ---p 00000000 00:00 0 
7f37c6004000-7f37c8204000 rw-p 00000000 00:00 0 
7f37c8204000-7f37c8205000 ---p 00000000 00:00 0 
7f37c8205000-7f37c8305000 rw-p 00000000 00:00 0 
7f37c8305000-7f37c8306000 ---p 00000000 00:00 0 
7f37c8306000-7f37c847e000 rw-p 00000000 00:00 0 
7f37c847e000-7f37c855b000 ---p 00000000 00:00 0 
7f37c855b000-7f37c8606000 rw-p 00000000 00:00 0 
7f37c8606000-7f37c8627000 rw-p 00000000 00:00 0 
7f37c8627000-7f37c89c7000 ---p 00000000 00:00 0 
7f37c89c7000-7f37c91c7000 rwxp 00000000 00:00 0 
7f37c91c7000-7f37d79c7000 ---p 00000000 00:00 0 
7f37d79c7000-7f37d79e1000 r-xp 00000000 08:01 1324104                    /opt/java/jdk1.8.0_101/jre/lib/amd64/libzip.so
7f37d79e1000-7f37d7be1000 ---p 0001a000 08:01 1324104                    /opt/java/jdk1.8.0_101/jre/lib/amd64/libzip.so
7f37d7be1000-7f37d7be2000 rw-p 0001a000 08:01 1324104                    /opt/java/jdk1.8.0_101/jre/lib/amd64/libzip.so
7f37d7be2000-7f37d7bed000 r-xp 00000000 08:01 2757856                    /lib/x86_64-linux-gnu/libnss_files-2.23.so
7f37d7bed000-7f37d7dec000 ---p 0000b000 08:01 2757856                    /lib/x86_64-linux-gnu/libnss_files-2.23.so
7f37d7dec000-7f37d7ded000 r--p 0000a000 08:01 2757856                    /lib/x86_64-linux-gnu/libnss_files-2.23.so
7f37d7ded000-7f37d7dee000 rw-p 0000b000 08:01 2757856                    /lib/x86_64-linux-gnu/libnss_files-2.23.so
7f37d7dee000-7f37d7df4000 rw-p 00000000 00:00 0 
7f37d7df4000-7f37d7dff000 r-xp 00000000 08:01 2757866                    /lib/x86_64-linux-gnu/libnss_nis-2.23.so
7f37d7dff000-7f37d7ffe000 ---p 0000b000 08:01 2757866                    /lib/x86_64-linux-gnu/libnss_nis-2.23.so
7f37d7ffe000-7f37d7fff000 r--p 0000a000 08:01 2757866                    /lib/x86_64-linux-gnu/libnss_nis-2.23.so
7f37d7fff000-7f37d8000000 rw-p 0000b000 08:01 2757866                    /lib/x86_64-linux-gnu/libnss_nis-2.23.so
7f37d8000000-7f37d8393000 rw-p 00000000 00:00 0 
7f37d8393000-7f37dc000000 ---p 00000000 00:00 0 
7f37dc002000-7f37dc010000 r--s 000e0000 08:01 2501991                    /opt/android/sdk/build-tools/24.0.2/lib/dx.jar
7f37dc010000-7f37dc0eb000 rw-p 00000000 00:00 0 
7f37dc0eb000-7f37dc1c9000 ---p 00000000 00:00 0 
7f37dc1c9000-7f37dc1df000 r-xp 00000000 08:01 2757850                    /lib/x86_64-linux-gnu/libnsl-2.23.so
7f37dc1df000-7f37dc3de000 ---p 00016000 08:01 2757850                    /lib/x86_64-linux-gnu/libnsl-2.23.so
7f37dc3de000-7f37dc3df000 r--p 00015000 08:01 2757850                    /lib/x86_64-linux-gnu/libnsl-2.23.so
7f37dc3df000-7f37dc3e0000 rw-p 00016000 08:01 2757850                    /lib/x86_64-linux-gnu/libnsl-2.23.so
7f37dc3e0000-7f37dc3e2000 rw-p 00000000 00:00 0 
7f37dc3e2000-7f37dc3ea000 r-xp 00000000 08:01 2757852                    /lib/x86_64-linux-gnu/libnss_compat-2.23.so
7f37dc3ea000-7f37dc5e9000 ---p 00008000 08:01 2757852                    /lib/x86_64-linux-gnu/libnss_compat-2.23.so
7f37dc5e9000-7f37dc5ea000 r--p 00007000 08:01 2757852                    /lib/x86_64-linux-gnu/libnss_compat-2.23.so
7f37dc5ea000-7f37dc5eb000 rw-p 00008000 08:01 2757852                    /lib/x86_64-linux-gnu/libnss_compat-2.23.so
7f37dc5eb000-7f37dc615000 r-xp 00000000 08:01 1324128                    /opt/java/jdk1.8.0_101/jre/lib/amd64/libjava.so
7f37dc615000-7f37dc815000 ---p 0002a000 08:01 1324128                    /opt/java/jdk1.8.0_101/jre/lib/amd64/libjava.so
7f37dc815000-7f37dc817000 rw-p 0002a000 08:01 1324128                    /opt/java/jdk1.8.0_101/jre/lib/amd64/libjava.so
7f37dc817000-7f37dc824000 r-xp 00000000 08:01 1324084                    /opt/java/jdk1.8.0_101/jre/lib/amd64/libverify.so
7f37dc824000-7f37dca24000 ---p 0000d000 08:01 1324084                    /opt/java/jdk1.8.0_101/jre/lib/amd64/libverify.so
7f37dca24000-7f37dca26000 rw-p 0000d000 08:01 1324084                    /opt/java/jdk1.8.0_101/jre/lib/amd64/libverify.so
7f37dca26000-7f37dca2d000 r-xp 00000000 08:01 2757911                    /lib/x86_64-linux-gnu/librt-2.23.so
7f37dca2d000-7f37dcc2c000 ---p 00007000 08:01 2757911                    /lib/x86_64-linux-gnu/librt-2.23.so
7f37dcc2c000-7f37dcc2d000 r--p 00006000 08:01 2757911                    /lib/x86_64-linux-gnu/librt-2.23.so
7f37dcc2d000-7f37dcc2e000 rw-p 00007000 08:01 2757911                    /lib/x86_64-linux-gnu/librt-2.23.so
7f37dcc2e000-7f37dcd36000 r-xp 00000000 08:01 2757827                    /lib/x86_64-linux-gnu/libm-2.23.so
7f37dcd36000-7f37dcf35000 ---p 00108000 08:01 2757827                    /lib/x86_64-linux-gnu/libm-2.23.so
7f37dcf35000-7f37dcf36000 r--p 00107000 08:01 2757827                    /lib/x86_64-linux-gnu/libm-2.23.so
7f37dcf36000-7f37dcf37000 rw-p 00108000 08:01 2757827                    /lib/x86_64-linux-gnu/libm-2.23.so
7f37dcf37000-7f37ddc02000 r-xp 00000000 08:01 1585825                    /opt/java/jdk1.8.0_101/jre/lib/amd64/server/libjvm.so
7f37ddc02000-7f37dde01000 ---p 00ccb000 08:01 1585825                    /opt/java/jdk1.8.0_101/jre/lib/amd64/server/libjvm.so
7f37dde01000-7f37ddeda000 rw-p 00cca000 08:01 1585825                    /opt/java/jdk1.8.0_101/jre/lib/amd64/server/libjvm.so
7f37ddeda000-7f37ddf25000 rw-p 00000000 00:00 0 
7f37ddf25000-7f37de0e5000 r-xp 00000000 08:01 2757757                    /lib/x86_64-linux-gnu/libc-2.23.so
7f37de0e5000-7f37de2e4000 ---p 001c0000 08:01 2757757                    /lib/x86_64-linux-gnu/libc-2.23.so
7f37de2e4000-7f37de2e8000 r--p 001bf000 08:01 2757757                    /lib/x86_64-linux-gnu/libc-2.23.so
7f37de2e8000-7f37de2ea000 rw-p 001c3000 08:01 2757757                    /lib/x86_64-linux-gnu/libc-2.23.so
7f37de2ea000-7f37de2ee000 rw-p 00000000 00:00 0 
7f37de2ee000-7f37de2f1000 r-xp 00000000 08:01 2757781                    /lib/x86_64-linux-gnu/libdl-2.23.so
7f37de2f1000-7f37de4f0000 ---p 00003000 08:01 2757781                    /lib/x86_64-linux-gnu/libdl-2.23.so
7f37de4f0000-7f37de4f1000 r--p 00002000 08:01 2757781                    /lib/x86_64-linux-gnu/libdl-2.23.so
7f37de4f1000-7f37de4f2000 rw-p 00003000 08:01 2757781                    /lib/x86_64-linux-gnu/libdl-2.23.so
7f37de4f2000-7f37de507000 r-xp 00000000 08:01 1323595                    /opt/java/jdk1.8.0_101/lib/amd64/jli/libjli.so
7f37de507000-7f37de707000 ---p 00015000 08:01 1323595                    /opt/java/jdk1.8.0_101/lib/amd64/jli/libjli.so
7f37de707000-7f37de708000 rw-p 00015000 08:01 1323595                    /opt/java/jdk1.8.0_101/lib/amd64/jli/libjli.so
7f37de708000-7f37de720000 r-xp 00000000 08:01 2757903                    /lib/x86_64-linux-gnu/libpthread-2.23.so
7f37de720000-7f37de91f000 ---p 00018000 08:01 2757903                    /lib/x86_64-linux-gnu/libpthread-2.23.so
7f37de91f000-7f37de920000 r--p 00017000 08:01 2757903                    /lib/x86_64-linux-gnu/libpthread-2.23.so
7f37de920000-7f37de921000 rw-p 00018000 08:01 2757903                    /lib/x86_64-linux-gnu/libpthread-2.23.so
7f37de921000-7f37de925000 rw-p 00000000 00:00 0 
7f37de925000-7f37de94b000 r-xp 00000000 08:01 2757729                    /lib/x86_64-linux-gnu/ld-2.23.so
7f37de94d000-7f37dea1f000 rw-p 00000000 00:00 0 
7f37dea1f000-7f37dea22000 ---p 00000000 00:00 0 
7f37dea22000-7f37deb24000 rw-p 00000000 00:00 0 
7f37deb2a000-7f37deb3e000 rw-p 00000000 00:00 0 
7f37deb3e000-7f37deb46000 rw-s 00000000 08:01 1051906                    /tmp/hsperfdata_voloide/11381
7f37deb46000-7f37deb47000 rw-p 00000000 00:00 0 
7f37deb47000-7f37deb48000 ---p 00000000 00:00 0 
7f37deb48000-7f37deb4a000 rw-p 00000000 00:00 0 
7f37deb4a000-7f37deb4b000 r--p 00025000 08:01 2757729                    /lib/x86_64-linux-gnu/ld-2.23.so
7f37deb4b000-7f37deb4c000 rw-p 00026000 08:01 2757729                    /lib/x86_64-linux-gnu/ld-2.23.so
7f37deb4c000-7f37deb4d000 rw-p 00000000 00:00 0 
7fff12733000-7fff12754000 rw-p 00000000 00:00 0                          [stack]
7fff127da000-7fff127dc000 r--p 00000000 00:00 0                          [vvar]
7fff127dc000-7fff127de000 r-xp 00000000 00:00 0                          [vdso]
ffffffffff600000-ffffffffff601000 r-xp 00000000 00:00 0                  [vsyscall]

VM Arguments:
jvm_args: -Djava.awt.headless=true -Xmx1024M -Dfile.encoding=UTF-8 -Duser.country=US -Duser.language=en -Duser.variant 
java_command: com.android.dx.command.Main --dex --force-jumbo --num-threads=4 --multi-dex --output /home/voloide/AndroidStudioProjects/VehicleTracking/app/build/intermediates/transforms/dex/debug/folders/1000/10/com.google.android.gms-play-services-ads-9.4.0_71d3189887b4559baf0a77cc7509465a1c2f9833 /home/voloide/AndroidStudioProjects/VehicleTracking/app/build/intermediates/exploded-aar/com.google.android.gms/play-services-ads/9.4.0/jars/classes.jar
java_class_path (initial): /opt/android/sdk/build-tools/24.0.2/lib/dx.jar
Launcher Type: SUN_STANDARD

Environment Variables:
PATH=/usr/local/sbin:/usr/local/bin:/usr/sbin:/usr/bin:/sbin:/bin:/usr/games:/usr/local/games:/opt/java/jdk1.7.0_25/bin:/opt/java/jdk1.7.0_25/bin
USERNAME=voloide
LD_LIBRARY_PATH=.:
SHELL=/bin/bash
DISPLAY=:0

Signal Handlers:
SIGSEGV: [libjvm.so+0xac4790], sa_mask[0]=11111111011111111101111111111110, sa_flags=SA_RESTART|SA_SIGINFO
SIGBUS: [libjvm.so+0xac4790], sa_mask[0]=11111111011111111101111111111110, sa_flags=SA_RESTART|SA_SIGINFO
SIGFPE: [libjvm.so+0x91f140], sa_mask[0]=11111111011111111101111111111110, sa_flags=SA_RESTART|SA_SIGINFO
SIGPIPE: [libjvm.so+0x91f140], sa_mask[0]=11111111011111111101111111111110, sa_flags=SA_RESTART|SA_SIGINFO
SIGXFSZ: [libjvm.so+0x91f140], sa_mask[0]=11111111011111111101111111111110, sa_flags=SA_RESTART|SA_SIGINFO
SIGILL: [libjvm.so+0x91f140], sa_mask[0]=11111111011111111101111111111110, sa_flags=SA_RESTART|SA_SIGINFO
SIGUSR1: SIG_DFL, sa_mask[0]=00000000000000000000000000000000, sa_flags=none
SIGUSR2: [libjvm.so+0x920770], sa_mask[0]=00100000000000000000000000000000, sa_flags=SA_RESTART|SA_SIGINFO
SIGHUP: [libjvm.so+0x921b70], sa_mask[0]=11111111011111111101111111111110, sa_flags=SA_RESTART|SA_SIGINFO
SIGINT: [libjvm.so+0x921b70], sa_mask[0]=11111111011111111101111111111110, sa_flags=SA_RESTART|SA_SIGINFO
SIGTERM: [libjvm.so+0x921b70], sa_mask[0]=11111111011111111101111111111110, sa_flags=SA_RESTART|SA_SIGINFO
SIGQUIT: [libjvm.so+0x921b70], sa_mask[0]=11111111011111111101111111111110, sa_flags=SA_RESTART|SA_SIGINFO


---------------  S Y S T E M  ---------------

OS:DISTRIB_ID=LinuxMint
DISTRIB_RELEASE=18
DISTRIB_CODENAME=sarah
DISTRIB_DESCRIPTION="Linux Mint 18 Sarah"

uname:Linux 4.4.0-21-generic #37-Ubuntu SMP Mon Apr 18 18:33:37 UTC 2016 x86_64
libc:glibc 2.23 NPTL 2.23 
rlimit: STACK 8192k, CORE 0k, NPROC 9968, NOFILE 65536, AS infinity
load average:8.82 4.79 2.67

/proc/meminfo:
MemTotal:        2593164 kB
MemFree:          116644 kB
MemAvailable:     148120 kB
Buffers:            2036 kB
Cached:            29112 kB
SwapCached:        10200 kB
Active:          1856096 kB
Inactive:         505796 kB
Active(anon):    1844716 kB
Inactive(anon):   491340 kB
Active(file):      11380 kB
Inactive(file):    14456 kB
Unevictable:         180 kB
Mlocked:             180 kB
SwapTotal:       1497084 kB
SwapFree:           2152 kB
Dirty:               144 kB
Writeback:             0 kB
AnonPages:       2320988 kB
Mapped:            21664 kB
Shmem:              5068 kB
Slab:              52584 kB
SReclaimable:      29436 kB
SUnreclaim:        23148 kB
KernelStack:        8672 kB
PageTables:        26172 kB
NFS_Unstable:          0 kB
Bounce:                0 kB
WritebackTmp:          0 kB
CommitLimit:     2793664 kB
Committed_AS:    5950088 kB
VmallocTotal:   34359738367 kB
VmallocUsed:           0 kB
VmallocChunk:          0 kB
HardwareCorrupted:     0 kB
AnonHugePages:   1126400 kB
CmaTotal:              0 kB
CmaFree:               0 kB
HugePages_Total:       0
HugePages_Free:        0
HugePages_Rsvd:        0
HugePages_Surp:        0
Hugepagesize:       2048 kB
DirectMap4k:      100288 kB
DirectMap2M:     2551808 kB


CPU:total 2 (2 cores per cpu, 1 threads per core) family 6 model 58 stepping 9, cmov, cx8, fxsr, mmx, sse, sse2, sse3, ssse3, sse4.1, sse4.2, popcnt, avx, aes, clmul, tsc, tscinvbit, tscinv

/proc/cpuinfo:
processor	: 0
vendor_id	: GenuineIntel
cpu family	: 6
model		: 58
model name	: Intel(R) Core(TM) i5-3210M CPU @ 2.50GHz
stepping	: 9
microcode	: 0x19
cpu MHz		: 2494.334
cache size	: 3072 KB
physical id	: 0
siblings	: 2
core id		: 0
cpu cores	: 2
apicid		: 0
initial apicid	: 0
fpu		: yes
fpu_exception	: yes
cpuid level	: 13
wp		: yes
flags		: fpu vme de pse tsc msr pae mce cx8 apic sep mtrr pge mca cmov pat pse36 clflush mmx fxsr sse sse2 ht syscall nx rdtscp lm constant_tsc rep_good nopl xtopology nonstop_tsc pni pclmulqdq ssse3 cx16 sse4_1 sse4_2 x2apic popcnt aes xsave avx rdrand hypervisor lahf_lm
bugs		:
bogomips	: 4988.66
clflush size	: 64
cache_alignment	: 64
address sizes	: 36 bits physical, 48 bits virtual
power management:

processor	: 1
vendor_id	: GenuineIntel
cpu family	: 6
model		: 58
model name	: Intel(R) Core(TM) i5-3210M CPU @ 2.50GHz
stepping	: 9
microcode	: 0x19
cpu MHz		: 2494.334
cache size	: 3072 KB
physical id	: 0
siblings	: 2
core id		: 1
cpu cores	: 2
apicid		: 1
initial apicid	: 1
fpu		: yes
fpu_exception	: yes
cpuid level	: 13
wp		: yes
flags		: fpu vme de pse tsc msr pae mce cx8 apic sep mtrr pge mca cmov pat pse36 clflush mmx fxsr sse sse2 ht syscall nx rdtscp lm constant_tsc rep_good nopl xtopology nonstop_tsc pni pclmulqdq ssse3 cx16 sse4_1 sse4_2 x2apic popcnt aes xsave avx rdrand hypervisor lahf_lm
bugs		:
bogomips	: 4988.66
clflush size	: 64
cache_alignment	: 64
address sizes	: 36 bits physical, 48 bits virtual
power management:



Memory: 4k page, physical 2593164k(116644k free), swap 1497084k(2152k free)

vm_info: Java HotSpot(TM) 64-Bit Server VM (25.101-b13) for linux-amd64 JRE (1.8.0_101-b13), built on Jun 22 2016 02:59:44 by "java_re" with gcc 4.3.0 20080428 (Red Hat 4.3.0-8)

time: Tue Oct 11 15:52:30 2016
elapsed time: 50 seconds (0d 0h 0m 50s)

